This is XeTeX, Version 3.14159265-2.6-0.99991 (TeX Live 2014/W32TeX) (preloaded format=xelatex 2015.5.8)  17 MAY 2015 09:58
entering extended mode
 restricted \write18 enabled.
 %&-line parsing enabled.
**thesis.tex
(./thesis.tex
LaTeX2e <2014/05/01>
Babel <3.9k> and hyphenation patterns for 78 languages loaded.
(c:/texlive/2014/texmf-dist/tex/latex/base/book.cls
Document Class: book 2007/10/19 v1.4h Standard LaTeX document class
(c:/texlive/2014/texmf-dist/tex/latex/base/bk11.clo
File: bk11.clo 2007/10/19 v1.4h Standard LaTeX file (size option)
)
\c@part=\count80
\c@chapter=\count81
\c@section=\count82
\c@subsection=\count83
\c@subsubsection=\count84
\c@paragraph=\count85
\c@subparagraph=\count86
\c@figure=\count87
\c@table=\count88
\abovecaptionskip=\skip41
\belowcaptionskip=\skip42
\bibindent=\dimen102
)
(c:/texlive/2014/texmf-dist/tex/latex/tocbibind/tocbibind.sty
Package: tocbibind 2010/10/13 v1.5k extra ToC listings
Package tocbibind Info: The document has chapter divisions on input line 50.


Package tocbibind Note: Using chapter style headings, unless overridden.

) (./styles/common.tex
(c:/texlive/2014/texmf-dist/tex/latex/amsfonts/amssymb.sty
Package: amssymb 2013/01/14 v3.01 AMS font symbols

(c:/texlive/2014/texmf-dist/tex/latex/amsfonts/amsfonts.sty
Package: amsfonts 2013/01/14 v3.01 Basic AMSFonts support
\@emptytoks=\toks14
\symAMSa=\mathgroup4
\symAMSb=\mathgroup5
LaTeX Font Info:    Overwriting math alphabet `\mathfrak' in version `bold'
(Font)                  U/euf/m/n --> U/euf/b/n on input line 106.
))
(c:/texlive/2014/texmf-dist/tex/latex/amsmath/amsmath.sty
Package: amsmath 2013/01/14 v2.14 AMS math features
\@mathmargin=\skip43

For additional information on amsmath, use the `?' option.
(c:/texlive/2014/texmf-dist/tex/latex/amsmath/amstext.sty
Package: amstext 2000/06/29 v2.01

(c:/texlive/2014/texmf-dist/tex/latex/amsmath/amsgen.sty
File: amsgen.sty 1999/11/30 v2.0
\@emptytoks=\toks15
\ex@=\dimen103
))
(c:/texlive/2014/texmf-dist/tex/latex/amsmath/amsbsy.sty
Package: amsbsy 1999/11/29 v1.2d
\pmbraise@=\dimen104
)
(c:/texlive/2014/texmf-dist/tex/latex/amsmath/amsopn.sty
Package: amsopn 1999/12/14 v2.01 operator names
)
\inf@bad=\count89
LaTeX Info: Redefining \frac on input line 210.
\uproot@=\count90
\leftroot@=\count91
LaTeX Info: Redefining \overline on input line 306.
\classnum@=\count92
\DOTSCASE@=\count93
LaTeX Info: Redefining \ldots on input line 378.
LaTeX Info: Redefining \dots on input line 381.
LaTeX Info: Redefining \cdots on input line 466.
\Mathstrutbox@=\box26
\strutbox@=\box27
\big@size=\dimen105
LaTeX Font Info:    Redeclaring font encoding OML on input line 566.
LaTeX Font Info:    Redeclaring font encoding OMS on input line 567.
\macc@depth=\count94
\c@MaxMatrixCols=\count95
\dotsspace@=\muskip10
\c@parentequation=\count96
\dspbrk@lvl=\count97
\tag@help=\toks16
\row@=\count98
\column@=\count99
\maxfields@=\count100
\andhelp@=\toks17
\eqnshift@=\dimen106
\alignsep@=\dimen107
\tagshift@=\dimen108
\tagwidth@=\dimen109
\totwidth@=\dimen110
\lineht@=\dimen111
\@envbody=\toks18
\multlinegap=\skip44
\multlinetaggap=\skip45
\mathdisplay@stack=\toks19
LaTeX Info: Redefining \[ on input line 2665.
LaTeX Info: Redefining \] on input line 2666.
)
(c:/texlive/2014/texmf-dist/tex/latex/hyperref/hyperref.sty
Package: hyperref 2012/11/06 v6.83m Hypertext links for LaTeX

(c:/texlive/2014/texmf-dist/tex/generic/oberdiek/hobsub-hyperref.sty
Package: hobsub-hyperref 2012/05/28 v1.13 Bundle oberdiek, subset hyperref (HO)


(c:/texlive/2014/texmf-dist/tex/generic/oberdiek/hobsub-generic.sty
Package: hobsub-generic 2012/05/28 v1.13 Bundle oberdiek, subset generic (HO)
Package: hobsub 2012/05/28 v1.13 Construct package bundles (HO)
Package: infwarerr 2010/04/08 v1.3 Providing info/warning/error messages (HO)
Package: ltxcmds 2011/11/09 v1.22 LaTeX kernel commands for general use (HO)
Package: ifluatex 2010/03/01 v1.3 Provides the ifluatex switch (HO)
Package ifluatex Info: LuaTeX not detected.
Package: ifvtex 2010/03/01 v1.5 Detect VTeX and its facilities (HO)
Package ifvtex Info: VTeX not detected.
Package: intcalc 2007/09/27 v1.1 Expandable calculations with integers (HO)
Package: ifpdf 2011/01/30 v2.3 Provides the ifpdf switch (HO)
Package ifpdf Info: pdfTeX in PDF mode is not detected.
Package: etexcmds 2011/02/16 v1.5 Avoid name clashes with e-TeX commands (HO)
Package etexcmds Info: Could not find \expanded.
(etexcmds)             That can mean that you are not using pdfTeX 1.50 or
(etexcmds)             that some package has redefined \expanded.
(etexcmds)             In the latter case, load this package earlier.
Package: kvsetkeys 2012/04/25 v1.16 Key value parser (HO)
Package: kvdefinekeys 2011/04/07 v1.3 Define keys (HO)
Package: pdftexcmds 2011/11/29 v0.20 Utility functions of pdfTeX for LuaTeX (HO
)
Package pdftexcmds Info: LuaTeX not detected.
Package pdftexcmds Info: pdfTeX >= 1.30 not detected.
Package pdftexcmds Info: \pdf@primitive is available.
Package pdftexcmds Info: \pdf@ifprimitive is available.
Package pdftexcmds Info: \pdfdraftmode not found.
Package: pdfescape 2011/11/25 v1.13 Implements pdfTeX's escape features (HO)
Package: bigintcalc 2012/04/08 v1.3 Expandable calculations on big integers (HO
)
Package: bitset 2011/01/30 v1.1 Handle bit-vector datatype (HO)
Package: uniquecounter 2011/01/30 v1.2 Provide unlimited unique counter (HO)
)
Package hobsub Info: Skipping package `hobsub' (already loaded).
Package: letltxmacro 2010/09/02 v1.4 Let assignment for LaTeX macros (HO)
Package: hopatch 2012/05/28 v1.2 Wrapper for package hooks (HO)
Package: xcolor-patch 2011/01/30 xcolor patch
Package: atveryend 2011/06/30 v1.8 Hooks at the very end of document (HO)
Package atveryend Info: \enddocument detected (standard20110627).
Package: atbegshi 2011/10/05 v1.16 At begin shipout hook (HO)
Package: refcount 2011/10/16 v3.4 Data extraction from label references (HO)
Package: hycolor 2011/01/30 v1.7 Color options for hyperref/bookmark (HO)
)
(c:/texlive/2014/texmf-dist/tex/latex/graphics/keyval.sty
Package: keyval 2014/05/08 v1.15 key=value parser (DPC)
\KV@toks@=\toks20
)
(c:/texlive/2014/texmf-dist/tex/generic/ifxetex/ifxetex.sty
Package: ifxetex 2010/09/12 v0.6 Provides ifxetex conditional
)
(c:/texlive/2014/texmf-dist/tex/latex/oberdiek/auxhook.sty
Package: auxhook 2011/03/04 v1.3 Hooks for auxiliary files (HO)
)
(c:/texlive/2014/texmf-dist/tex/latex/oberdiek/kvoptions.sty
Package: kvoptions 2011/06/30 v3.11 Key value format for package options (HO)
)
\@linkdim=\dimen112
\Hy@linkcounter=\count101
\Hy@pagecounter=\count102

(c:/texlive/2014/texmf-dist/tex/latex/hyperref/pd1enc.def
File: pd1enc.def 2012/11/06 v6.83m Hyperref: PDFDocEncoding definition (HO)
)
\Hy@SavedSpaceFactor=\count103

(c:/texlive/2014/texmf-dist/tex/latex/latexconfig/hyperref.cfg
File: hyperref.cfg 2002/06/06 v1.2 hyperref configuration of TeXLive
)
Package hyperref Info: Option `colorlinks' set `true' on input line 4319.
Package hyperref Info: Hyper figures OFF on input line 4443.
Package hyperref Info: Link nesting OFF on input line 4448.
Package hyperref Info: Hyper index ON on input line 4451.
Package hyperref Info: Plain pages OFF on input line 4458.
Package hyperref Info: Backreferencing OFF on input line 4463.
Package hyperref Info: Implicit mode ON; LaTeX internals redefined.
Package hyperref Info: Bookmarks ON on input line 4688.
\c@Hy@tempcnt=\count104

(c:/texlive/2014/texmf-dist/tex/latex/url/url.sty
\Urlmuskip=\muskip11
Package: url 2013/09/16  ver 3.4  Verb mode for urls, etc.
)
LaTeX Info: Redefining \url on input line 5041.
\XeTeXLinkMargin=\dimen113
\Fld@menulength=\count105
\Field@Width=\dimen114
\Fld@charsize=\dimen115
Package hyperref Info: Hyper figures OFF on input line 6295.
Package hyperref Info: Link nesting OFF on input line 6300.
Package hyperref Info: Hyper index ON on input line 6303.
Package hyperref Info: backreferencing OFF on input line 6310.
Package hyperref Info: Link coloring ON on input line 6313.
Package hyperref Info: Link coloring with OCG OFF on input line 6320.
Package hyperref Info: PDF/A mode OFF on input line 6325.
LaTeX Info: Redefining \ref on input line 6365.
LaTeX Info: Redefining \pageref on input line 6369.
\Hy@abspage=\count106
\c@Item=\count107
\c@Hfootnote=\count108
)

Package hyperref Message: Driver (autodetected): hxetex.

(c:/texlive/2014/texmf-dist/tex/latex/hyperref/hxetex.def
File: hxetex.def 2012/11/06 v6.83m Hyperref driver for XeTeX

(c:/texlive/2014/texmf-dist/tex/latex/hyperref/puenc.def
File: puenc.def 2012/11/06 v6.83m Hyperref: PDF Unicode definition (HO)
)
(c:/texlive/2014/texmf-dist/tex/generic/oberdiek/stringenc.sty
Package: stringenc 2011/12/02 v1.10 Convert strings between diff. encodings (HO
)
)
\pdfm@box=\box28
\c@Hy@AnnotLevel=\count109
\HyField@AnnotCount=\count110
\Fld@listcount=\count111
\c@bookmark@seq@number=\count112

(c:/texlive/2014/texmf-dist/tex/latex/oberdiek/rerunfilecheck.sty
Package: rerunfilecheck 2011/04/15 v1.7 Rerun checks for auxiliary files (HO)
Package rerunfilecheck Info: Feature \pdfmdfivesum is not available
(rerunfilecheck)             (e.g. pdfTeX or LuaTeX with package `pdftexcmds').

(rerunfilecheck)             Therefore file contents cannot be checked efficien
tly
(rerunfilecheck)             and the loading of the package is aborted.
)
\Hy@SectionHShift=\skip46
)
(c:/texlive/2014/texmf-dist/tex/latex/pstricks/pstricks.sty
Package: pstricks 2013/12/12 v0.60 LaTeX wrapper for `PSTricks' (RN,HV)

(c:/texlive/2014/texmf-dist/tex/generic/pstricks/pstricks.tex
(c:/texlive/2014/texmf-dist/tex/generic/xkeyval/pst-xkey.tex
File: pst-xkey.tex 2005/11/25 v1.6 PSTricks specialization of xkeyval (HA)

(c:/texlive/2014/texmf-dist/tex/latex/xkeyval/xkeyval.sty
Package: xkeyval 2014/05/09 v2.6d package option processing (HA)

(c:/texlive/2014/texmf-dist/tex/generic/xkeyval/xkeyval.tex
\XKV@toks=\toks21
\XKV@tempa@toks=\toks22
\XKV@depth=\count113
File: xkeyval.tex 2014/05/09 v2.6d key=value parser (HA)
)))
(c:/texlive/2014/texmf-dist/tex/generic/pstricks/pst-fp.tex
`pst-fp' v0.05, 2010/01/17 (hv)
\pstFP@xs=\count114
\pstFP@xia=\count115
\pstFP@xib=\count116
\pstFP@xfa=\count117
\pstFP@xfb=\count118
\pstFP@rega=\count119
\pstFP@regb=\count120
\pstFP@regs=\count121
\pstFP@times=\count122
)
(c:/texlive/2014/texmf-dist/tex/generic/pgf/utilities/pgfutil-common.tex
\pgfutil@everybye=\toks23
\pgfutil@tempdima=\dimen116
\pgfutil@tempdimb=\dimen117

(c:/texlive/2014/texmf-dist/tex/generic/pgf/utilities/pgfutil-common-lists.tex)
) (c:/texlive/2014/texmf-dist/tex/generic/pgf/utilities/pgfkeys.code.tex
\pgfkeys@pathtoks=\toks24
\pgfkeys@temptoks=\toks25

(c:/texlive/2014/texmf-dist/tex/generic/pgf/utilities/pgfkeysfiltered.code.tex
\pgfkeys@tmptoks=\toks26
)) (c:/texlive/2014/texmf-dist/tex/generic/pgf/utilities/pgffor.code.tex
(c:/texlive/2014/texmf-dist/tex/generic/pgf/math/pgfmath.code.tex
(c:/texlive/2014/texmf-dist/tex/generic/pgf/math/pgfmathcalc.code.tex
(c:/texlive/2014/texmf-dist/tex/generic/pgf/math/pgfmathutil.code.tex
\pgf@x=\dimen118
\pgf@xa=\dimen119
\pgf@xb=\dimen120
\pgf@xc=\dimen121
\pgf@y=\dimen122
\pgf@ya=\dimen123
\pgf@yb=\dimen124
\pgf@yc=\dimen125
\c@pgf@counta=\count123
\c@pgf@countb=\count124
\c@pgf@countc=\count125
\c@pgf@countd=\count126
\pgfutil@tempcnta=\count127
\pgfutil@tempcntb=\count128
)
(c:/texlive/2014/texmf-dist/tex/generic/pgf/math/pgfmathparser.code.tex
\pgfmath@dimen=\dimen126
\pgfmath@count=\count129
\pgfmath@box=\box29
\pgfmath@toks=\toks27
\pgfmath@stack@operand=\toks28
\pgfmath@stack@operation=\toks29
)
(c:/texlive/2014/texmf-dist/tex/generic/pgf/math/pgfmathfunctions.code.tex
(c:/texlive/2014/texmf-dist/tex/generic/pgf/math/pgfmathfunctions.basic.code.te
x)
(c:/texlive/2014/texmf-dist/tex/generic/pgf/math/pgfmathfunctions.trigonometric
.code.tex)
(c:/texlive/2014/texmf-dist/tex/generic/pgf/math/pgfmathfunctions.random.code.t
ex)
(c:/texlive/2014/texmf-dist/tex/generic/pgf/math/pgfmathfunctions.comparison.co
de.tex)
(c:/texlive/2014/texmf-dist/tex/generic/pgf/math/pgfmathfunctions.base.code.tex
)
(c:/texlive/2014/texmf-dist/tex/generic/pgf/math/pgfmathfunctions.round.code.te
x)
(c:/texlive/2014/texmf-dist/tex/generic/pgf/math/pgfmathfunctions.misc.code.tex
)
(c:/texlive/2014/texmf-dist/tex/generic/pgf/math/pgfmathfunctions.integerarithm
etics.code.tex)))
(c:/texlive/2014/texmf-dist/tex/generic/pgf/math/pgfmathfloat.code.tex
\c@pgfmathroundto@lastzeros=\count130
))
\pgffor@iter=\dimen127
\pgffor@skip=\dimen128
\pgffor@stack=\toks30
\pgffor@toks=\toks31
)
\psLoopIndex=\count131

`PSTricks' v2.54a  <2014/05/19> (tvz)
\pst@dima=\dimen129
\pst@dimb=\dimen130
\pst@dimc=\dimen131
\pst@dimd=\dimen132
\pst@dimg=\dimen133
\pst@dimh=\dimen134
\pst@dimm=\dimen135
\pst@dimn=\dimen136
\pst@dimo=\dimen137
\pst@dimp=\dimen138
\pst@hbox=\box30
\pst@ibox=\box31
\pst@boxg=\box32
\pst@cnta=\count132
\pst@cntb=\count133
\pst@cntc=\count134
\pst@cntd=\count135
\pst@cntg=\count136
\pst@cnth=\count137
\pst@cntm=\count138
\pst@cntn=\count139
\pst@cnto=\count140
\pst@cntp=\count141
\@zero=\count142
\pst@toks=\toks32
(c:/texlive/2014/texmf-dist/tex/xelatex/xetex-pstricks/pstricks.con
(c:/texlive/2014/texmf-dist/tex/generic/pstricks/config/xdvipdfmx.cfg))
\psunit=\dimen139
\psxunit=\dimen140
\psyunit=\dimen141
\pst@C@@rType=\count143
\pslinewidth=\dimen142
\psk@startLW=\dimen143
\psk@endLW=\dimen144
\pst@customdefs=\toks33
\pslinearc=\dimen145
\pst@symbolStep=\dimen146
\pst@symbolWidth=\dimen147
\pst@symbolLinewidth=\dimen148
\everypsbox=\toks34
\psframesep=\dimen149
\pslabelsep=\dimen150
\sh@wgridXunit=\dimen151
\sh@wgridYunit=\dimen152
\pst@shift=\dimen153

(c:/texlive/2014/texmf-dist/tex/xelatex/xetex-pstricks/pstricks.con
(c:/texlive/2014/texmf-dist/tex/generic/pstricks/config/xdvipdfmx.cfg
Using PSTricks configuration for XeTeX+xdvipdfmx
)))
File: pstricks.tex 2014/05/19 v2.54a `PSTricks' (tvz,hv)
 (c:/texlive/2014/texmf-dist/tex/generic/pstricks/pst-fp.tex)
File: pst-fp.tex 2014/05/19 v2.54a `PST-fp' (hv)

(c:/texlive/2014/texmf-dist/tex/latex/xcolor/xcolor.sty
Package: xcolor 2007/01/21 v2.11 LaTeX color extensions (UK)

(c:/texlive/2014/texmf-dist/tex/latex/latexconfig/color.cfg
File: color.cfg 2007/01/18 v1.5 color configuration of teTeX/TeXLive
)
Package xcolor Info: Package option `usenames' ignored on input line 216.
Package xcolor Info: Driver file: xetex.def on input line 225.

(c:/texlive/2014/texmf-dist/tex/xelatex/xetex-def/xetex.def
File: xetex.def 2014/04/28 v4.01 LaTeX color/graphics driver for XeTeX (RRM/JK)

)
Package xcolor Info: Model `cmy' substituted by `cmy0' on input line 1337.
Package xcolor Info: Model `RGB' extended on input line 1353.
Package xcolor Info: Model `HTML' substituted by `rgb' on input line 1355.
Package xcolor Info: Model `Hsb' substituted by `hsb' on input line 1356.
Package xcolor Info: Model `tHsb' substituted by `hsb' on input line 1357.
Package xcolor Info: Model `HSB' substituted by `hsb' on input line 1358.
Package xcolor Info: Model `Gray' substituted by `gray' on input line 1359.
Package xcolor Info: Model `wave' substituted by `hsb' on input line 1360.

(c:/texlive/2014/texmf-dist/tex/latex/graphics/dvipsnam.def
File: dvipsnam.def 2014/04/23 v3.0j Driver-dependant file (DPC,SPQR)
)))
(c:/texlive/2014/texmf-dist/tex/latex/graphics/graphicx.sty
Package: graphicx 2014/04/25 v1.0g Enhanced LaTeX Graphics (DPC,SPQR)

(c:/texlive/2014/texmf-dist/tex/latex/graphics/graphics.sty
Package: graphics 2009/02/05 v1.0o Standard LaTeX Graphics (DPC,SPQR)

(c:/texlive/2014/texmf-dist/tex/latex/graphics/trig.sty
Package: trig 1999/03/16 v1.09 sin cos tan (DPC)
)
(c:/texlive/2014/texmf-dist/tex/latex/latexconfig/graphics.cfg
File: graphics.cfg 2010/04/23 v1.9 graphics configuration of TeX Live
)
Package graphics Info: Driver file: xetex.def on input line 91.
)
\Gin@req@height=\dimen154
\Gin@req@width=\dimen155
)
(./subfigure.sty
Package: subfigure 1995/03/06 v2.0 subfigure package

Package: subfigure 1995/03/06 v2.0
\c@subfigure=\count144
\c@lofdepth=\count145
\c@subtable=\count146
\c@lotdepth=\count147
) (c:/texlive/2014/texmf-dist/tex/latex/wrapfig/wrapfig.sty
\wrapoverhang=\dimen156
\WF@size=\dimen157
\c@WF@wrappedlines=\count148
\WF@box=\box33
\WF@everypar=\toks35
Package: wrapfig 2003/01/31  v 3.6
)
(c:/texlive/2014/texmf-dist/tex/latex/geometry/geometry.sty
Package: geometry 2010/09/12 v5.6 Page Geometry
\Gm@cnth=\count149
\Gm@cntv=\count150
\c@Gm@tempcnt=\count151
\Gm@bindingoffset=\dimen158
\Gm@wd@mp=\dimen159
\Gm@odd@mp=\dimen160
\Gm@even@mp=\dimen161
\Gm@layoutwidth=\dimen162
\Gm@layoutheight=\dimen163
\Gm@layouthoffset=\dimen164
\Gm@layoutvoffset=\dimen165
\Gm@dimlist=\toks36
)
(c:/texlive/2014/texmf-dist/tex/latex/fancyhdr/fancyhdr.sty
\fancy@headwidth=\skip47
\f@ncyO@elh=\skip48
\f@ncyO@erh=\skip49
\f@ncyO@olh=\skip50
\f@ncyO@orh=\skip51
\f@ncyO@elf=\skip52
\f@ncyO@erf=\skip53
\f@ncyO@olf=\skip54
\f@ncyO@orf=\skip55
)
(c:/texlive/2014/texmf-dist/tex/latex/amsfonts/euscript.sty
Package: euscript 2009/06/22 v3.00 Euler Script fonts
LaTeX Font Info:    Overwriting math alphabet `\EuScript' in version `bold'
(Font)                  U/eus/m/n --> U/eus/b/n on input line 33.
)
(c:/texlive/2014/texmf-dist/tex/latex/tools/multicol.sty
Package: multicol 2014/04/23 v1.8e multicolumn formatting (FMi)
\c@tracingmulticols=\count152
\mult@box=\box34
\multicol@leftmargin=\dimen166
\c@unbalance=\count153
\c@collectmore=\count154
\doublecol@number=\count155
\multicoltolerance=\count156
\multicolpretolerance=\count157
\full@width=\dimen167
\page@free=\dimen168
\premulticols=\dimen169
\postmulticols=\dimen170
\multicolsep=\skip56
\multicolbaselineskip=\skip57
\partial@page=\box35
\last@line=\box36
\maxbalancingoverflow=\dimen171
\mult@rightbox=\box37
\mult@grightbox=\box38
\mult@gfirstbox=\box39
\mult@firstbox=\box40
\@tempa=\box41
\@tempa=\box42
\@tempa=\box43
\@tempa=\box44
\@tempa=\box45
\@tempa=\box46
\@tempa=\box47
\@tempa=\box48
\@tempa=\box49
\@tempa=\box50
\@tempa=\box51
\@tempa=\box52
\@tempa=\box53
\@tempa=\box54
\@tempa=\box55
\@tempa=\box56
\@tempa=\box57
\c@columnbadness=\count158
\c@finalcolumnbadness=\count159
\last@try=\dimen172
\multicolovershoot=\dimen173
\multicolundershoot=\dimen174
\mult@nat@firstbox=\box58
\colbreak@box=\box59
\mc@col@check@num=\count160
)
(c:/texlive/2014/texmf-dist/tex/latex/algorithmicx/algorithmicx.sty
Package: algorithmicx 2005/04/27 v1.2 Algorithmicx

(c:/texlive/2014/texmf-dist/tex/latex/base/ifthen.sty
Package: ifthen 2001/05/26 v1.1c Standard LaTeX ifthen package (DPC)
)
Document Style algorithmicx 1.2 - a greatly improved `algorithmic' style
\c@ALG@line=\count161
\c@ALG@rem=\count162
\c@ALG@nested=\count163
\ALG@tlm=\skip58
\ALG@thistlm=\skip59
\c@ALG@Lnr=\count164
\c@ALG@blocknr=\count165
\c@ALG@storecount=\count166
\c@ALG@tmpcounter=\count167
\ALG@tmplength=\skip60
) (c:/texlive/2014/texmf-dist/tex/latex/algorithms/algorithm.sty
Invalid UTF-8 byte or sequence at line 11 replaced by U+FFFD.
Package: algorithm 2009/08/24 v0.1 Document Style `algorithm' - floating enviro
nment

(c:/texlive/2014/texmf-dist/tex/latex/float/float.sty
Package: float 2001/11/08 v1.3d Float enhancements (AL)
\c@float@type=\count168
\float@exts=\toks37
\float@box=\box60
\@float@everytoks=\toks38
\@floatcapt=\box61
)
\@float@every@algorithm=\toks39
\c@algorithm=\count169
)
(c:/texlive/2014/texmf-dist/tex/xelatex/xepersian/xepersian.sty
Package: xepersian 2014/02/05 v13.7 Persian typesetting in XeLaTeX

(c:/texlive/2014/texmf-dist/tex/latex/fontspec/fontspec.sty
Package: fontspec 2013/05/20 v2.3c Font selection for XeLaTeX and LuaLaTeX

(c:/texlive/2014/texmf-dist/tex/latex/l3kernel/expl3.sty
Package: expl3 2014/05/20 v4814 L3 programming layer (loader) 

(c:/texlive/2014/texmf-dist/tex/latex/l3kernel/expl3-code.tex
Package: expl3 2014/05/20 v4814 L3 programming layer (code) 
L3 Module: l3bootstrap 2014/05/16 v4782 L3 Bootstrap code

(c:/texlive/2014/texmf-dist/tex/latex/etex-pkg/etex.sty
Package: etex 1998/03/26 v2.0 eTeX basic definition package (PEB)
\et@xins=\count170
)
L3 Module: l3names 2014/05/04 v4728 L3 Namespace for primitives
L3 Module: l3basics 2014/05/04 v4728 L3 Basic definitions
L3 Module: l3expan 2014/04/30 v4712 L3 Argument expansion
L3 Module: l3tl 2014/05/04 v4728 L3 Token lists
L3 Module: l3seq 2014/04/30 v4712 L3 Sequences and stacks
L3 Module: l3int 2014/05/16 v4776 L3 Integers
\c_max_int=\count171
\l_tmpa_int=\count172
\l_tmpb_int=\count173
\g_tmpa_int=\count174
\g_tmpb_int=\count175
L3 Module: l3quark 2014/05/04 v4728 L3 Quarks
L3 Module: l3prg 2014/05/04 v4728 L3 Control structures
\g__prg_map_int=\count176
L3 Module: l3clist 2014/05/04 v4728 L3 Comma separated lists
L3 Module: l3token 2014/05/04 v4728 L3 Experimental token manipulation
L3 Module: l3prop 2014/04/30 v4712 L3 Property lists
L3 Module: l3msg 2014/05/04 v4728 L3 Messages
L3 Module: l3file 2014/05/05 v4737 L3 File and I/O operations
\l_iow_line_count_int=\count177
\l__iow_target_count_int=\count178
\l__iow_current_line_int=\count179
\l__iow_current_word_int=\count180
\l__iow_current_indentation_int=\count181
L3 Module: l3skip 2014/05/05 v4738 L3 Dimensions and skips
\c_zero_dim=\dimen175
\c_max_dim=\dimen176
\l_tmpa_dim=\dimen177
\l_tmpb_dim=\dimen178
\g_tmpa_dim=\dimen179
\g_tmpb_dim=\dimen180
\c_zero_skip=\skip61
\c_max_skip=\skip62
\l_tmpa_skip=\skip63
\l_tmpb_skip=\skip64
\g_tmpa_skip=\skip65
\g_tmpb_skip=\skip66
\c_zero_muskip=\muskip12
\c_max_muskip=\muskip13
\l_tmpa_muskip=\muskip14
\l_tmpb_muskip=\muskip15
\g_tmpa_muskip=\muskip16
\g_tmpb_muskip=\muskip17
L3 Module: l3keys 2014/05/08 v4753 L3 Key-value interfaces
\g__keyval_level_int=\count182
\l_keys_choice_int=\count183
L3 Module: l3fp 2014/04/30 v4712 L3 Floating points
\c__fp_leading_shift_int=\count184
\c__fp_middle_shift_int=\count185
\c__fp_trailing_shift_int=\count186
\c__fp_big_leading_shift_int=\count187
\c__fp_big_middle_shift_int=\count188
\c__fp_big_trailing_shift_int=\count189
\c__fp_Bigg_leading_shift_int=\count190
\c__fp_Bigg_middle_shift_int=\count191
\c__fp_Bigg_trailing_shift_int=\count192
L3 Module: l3box 2014/05/04 v4728 L3 Experimental boxes
\c_empty_box=\box62
\l_tmpa_box=\box63
\l_tmpb_box=\box64
\g_tmpa_box=\box65
\g_tmpb_box=\box66
L3 Module: l3coffins 2014/05/04 v4728 L3 Coffin code layer
\l__coffin_internal_box=\box67
\l__coffin_internal_dim=\dimen181
\l__coffin_offset_x_dim=\dimen182
\l__coffin_offset_y_dim=\dimen183
\l__coffin_x_dim=\dimen184
\l__coffin_y_dim=\dimen185
\l__coffin_x_prime_dim=\dimen186
\l__coffin_y_prime_dim=\dimen187
\c_empty_coffin=\box68
\l__coffin_aligned_coffin=\box69
\l__coffin_aligned_internal_coffin=\box70
\l_tmpa_coffin=\box71
\l_tmpb_coffin=\box72
\l__coffin_display_coffin=\box73
\l__coffin_display_coord_coffin=\box74
\l__coffin_display_pole_coffin=\box75
\l__coffin_display_offset_dim=\dimen188
\l__coffin_display_x_dim=\dimen189
\l__coffin_display_y_dim=\dimen190
L3 Module: l3color 2014/04/30 v4712 L3 Experimental color support
L3 Module: l3luatex 2014/04/30 v4712 L3 Experimental LuaTeX-specific functions
\g__cctab_allocate_int=\count193
\g__cctab_stack_int=\count194
L3 Module: l3candidates 2014/05/04 v4734 L3 Experimental additions to l3kernel
\l__box_top_dim=\dimen191
\l__box_bottom_dim=\dimen192
\l__box_left_dim=\dimen193
\l__box_right_dim=\dimen194
\l__box_top_new_dim=\dimen195
\l__box_bottom_new_dim=\dimen196
\l__box_left_new_dim=\dimen197
\l__box_right_new_dim=\dimen198
\l__box_internal_box=\box76
\l__coffin_bounding_shift_dim=\dimen199
\l__coffin_left_corner_dim=\dimen200
\l__coffin_right_corner_dim=\dimen201
Normal \dimen register pool exhausted, switching to extended pool.
\l__coffin_bottom_corner_dim=\dimen256
\l__coffin_top_corner_dim=\dimen257
\l__coffin_scaled_total_height_dim=\dimen258
\l__coffin_scaled_width_dim=\dimen259
))
(c:/texlive/2014/texmf-dist/tex/latex/l3packages/xparse/xparse.sty
Package: xparse 2014/05/05 v4740 L3 Experimental document command parser
\l__xparse_current_arg_int=\count195
\l__xparse_m_args_int=\count196
\l__xparse_mandatory_args_int=\count197
\l__xparse_processor_int=\count198
\l__xparse_v_nesting_int=\count199
)
\l_fontspec_script_int=\count200
\l_fontspec_language_int=\count201
Normal \count register pool exhausted, switching to extended pool.
\l_fontspec_strnum_int=\count277
\l_fontspec_tmpa_dim=\dimen260
\l_fontspec_tmpb_dim=\dimen261
\l_fontspec_tmpc_dim=\dimen262
Variant \tl_gset:cV already defined; not changing it on line 69

(c:/texlive/2014/texmf-dist/tex/latex/fontspec/fontspec-patches.sty
Package: fontspec-patches 2013/05/20 v2.3c Font selection for XeLaTeX and LuaLa
TeX

(c:/texlive/2014/texmf-dist/tex/latex/base/fixltx2e.sty
Package: fixltx2e 2014/05/13 v1.1q fixes to LaTeX
LaTeX Info: Redefining \em on input line 429.
LaTeX Info: The control sequence `\[' is already robust on input line 480.
LaTeX Info: The control sequence `\]' is already robust on input line 481.
)
LaTeX Info: Redefining \em on input line 22.
LaTeX Info: Redefining \emph on input line 30.
LaTeX Info: Redefining \- on input line 33.

*************************************************
* LaTeX warning: "xparse/redefine-command"
* 
* Redefining document command \oldstylenums with arg. spec. 'm' on line 128.
*************************************************
.................................................
. LaTeX info: "xparse/define-command"
. 
. Defining document command \liningnums with arg. spec. 'm' on line 132.
.................................................
) (c:/texlive/2014/texmf-dist/tex/latex/fontspec/fontspec-xetex.sty
Package: fontspec-xetex 2013/05/20 v2.3c Font selection for XeLaTeX and LuaLaTe
X

(c:/texlive/2014/texmf-dist/tex/latex/base/fontenc.sty
Package: fontenc 2005/09/27 v1.99g Standard LaTeX package

(c:/texlive/2014/texmf-dist/tex/latex/euenc/eu1enc.def
File: eu1enc.def 2010/05/27 v0.1h Experimental Unicode font encodings
)
LaTeX Font Info:    Try loading font information for EU1+lmr on input line 100.


(c:/texlive/2014/texmf-dist/tex/latex/euenc/eu1lmr.fd
File: eu1lmr.fd 2009/10/30 v1.6 Font defs for Latin Modern
))
(c:/texlive/2014/texmf-dist/tex/xelatex/xunicode/xunicode.sty
File: xunicode.sty 2011/09/09 v0.981 provides access to latin accents and many 
other characters in Unicode lower plane

(c:/texlive/2014/texmf-dist/tex/latex/tipa/t3enc.def
File: t3enc.def 2001/12/31 T3 encoding
LaTeX Font Info:    Try loading font information for EU1+lmss on input line 357
.

(c:/texlive/2014/texmf-dist/tex/latex/euenc/eu1lmss.fd
File: eu1lmss.fd 2009/10/30 v1.6 Font defs for Latin Modern
))
\tipaTiiicode=\count278
\tipasavetokens=\toks40
\tipachecktokens=\toks41
)
.................................................
. LaTeX info: "xparse/define-command"
. 
. Defining document command \fontspec with arg. spec. 'O{}m' on line 41.
.................................................
.................................................
. LaTeX info: "xparse/define-command"
. 
. Defining document command \setmainfont with arg. spec. 'O{}m' on line 46.
.................................................
.................................................
. LaTeX info: "xparse/define-command"
. 
. Defining document command \setsansfont with arg. spec. 'O{}m' on line 51.
.................................................
.................................................
. LaTeX info: "xparse/define-command"
. 
. Defining document command \setmonofont with arg. spec. 'O{}m' on line 56.
.................................................
.................................................
. LaTeX info: "xparse/define-command"
. 
. Defining document command \setmathrm with arg. spec. 'O{}m' on line 65.
.................................................
.................................................
. LaTeX info: "xparse/define-command"
. 
. Defining document command \setboldmathrm with arg. spec. 'O{}m' on line 69.
.................................................
.................................................
. LaTeX info: "xparse/define-command"
. 
. Defining document command \setmathsf with arg. spec. 'O{}m' on line 73.
.................................................
.................................................
. LaTeX info: "xparse/define-command"
. 
. Defining document command \setmathtt with arg. spec. 'O{}m' on line 77.
.................................................
.................................................
. LaTeX info: "xparse/define-command"
. 
. Defining document command \newfontfamily with arg. spec. 'mO{}m' on line 96.
.................................................
.................................................
. LaTeX info: "xparse/define-command"
. 
. Defining document command \newfontface with arg. spec. 'mO{}m' on line 100.
.................................................
.................................................
. LaTeX info: "xparse/define-command"
. 
. Defining document command \defaultfontfeatures with arg. spec. 'om' on line
. 108.
.................................................
.................................................
. LaTeX info: "xparse/define-command"
. 
. Defining document command \addfontfeatures with arg. spec. 'm' on line 144.
.................................................
.................................................
. LaTeX info: "xparse/define-command"
. 
. Defining document command \newfontfeature with arg. spec. 'mm' on line 156.
.................................................
.................................................
. LaTeX info: "xparse/define-command"
. 
. Defining document command \newAATfeature with arg. spec. 'mmmm' on line 164.
.................................................
.................................................
. LaTeX info: "xparse/define-command"
. 
. Defining document command \newICUfeature with arg. spec. 'mmm' on line 172.
.................................................
.................................................
. LaTeX info: "xparse/define-command"
. 
. Defining document command \aliasfontfeature with arg. spec. 'mm' on line
. 201.
.................................................
.................................................
. LaTeX info: "xparse/define-command"
. 
. Defining document command \aliasfontfeatureoption with arg. spec. 'mmm' on
. line 203.
.................................................
.................................................
. LaTeX info: "xparse/define-command"
. 
. Defining document command \newfontscript with arg. spec. 'mm' on line 208.
.................................................
.................................................
. LaTeX info: "xparse/define-command"
. 
. Defining document command \newfontlanguage with arg. spec. 'mm' on line 235.
.................................................
.................................................
. LaTeX info: "xparse/define-command"
. 
. Defining document command \DeclareFontsExtensions with arg. spec. 'm' on
. line 256.
.................................................
Variant \prop_gput:cnV already defined; not changing it on line 582
Variant \prop_gput:cnx already defined; not changing it on line 583
\l_fontspec_tmp_int=\count279
LaTeX Info: Redefining \itshape on input line 2087.
LaTeX Info: Redefining \slshape on input line 2092.
LaTeX Info: Redefining \scshape on input line 2097.
LaTeX Info: Redefining \upshape on input line 2102.

(c:/texlive/2014/texmf-dist/tex/latex/fontspec/fontspec.cfg)))
(c:/texlive/2014/texmf-dist/tex/xelatex/xepersian/xepersian-persiancal.sty
Package: xepersian-persiancal 2012/07/25 v0.2 provides Persian calendar
\XePersian@i=\count280
\XePersian@y=\count281
\XePersian@m=\count282
\XePersian@d=\count283
\XePersian@latini=\count284
\XePersian@persiani=\count285
\XePersian@latinii=\count286
\XePersian@persianii=\count287
\XePersian@latiniii=\count288
\XePersian@persianiii=\count289
\XePersian@latiniv=\count290
\XePersian@persianiv=\count291
\XePersian@latinv=\count292
\XePersian@persianv=\count293
\XePersian@latinvi=\count294
\XePersian@persianvi=\count295
\XePersian@latinvii=\count296
\XePersian@persianvii=\count297
\XePersian@latinviii=\count298
\XePersian@persianviii=\count299
\XePersian@latinix=\count300
\XePersian@persianix=\count301
\XePersian@latinx=\count302
\XePersian@persianx=\count303
\XePersian@latinxi=\count304
\XePersian@persianxi=\count305
\XePersian@latinxii=\count306
\XePersian@persianxii=\count307
\XePersian@persianxiii=\count308
\XePersian@temp=\count309
\XePersian@temptwo=\count310
\XePersian@tempthree=\count311
\XePersian@yModHundred=\count312
\XePersian@thirtytwo=\count313
\XePersian@dn=\count314
\XePersian@sn=\count315
\XePersian@mminusone=\count316
)
(c:/texlive/2014/texmf-dist/tex/xelatex/xepersian/xepersian-mathsdigitspec.sty
Package: xepersian-mathsdigitspec 2013/10/21 v1.0.5 Unicode Persian maths digit
s in XeLaTeX
.................................................
. LaTeX info: "xparse/define-command"
. 
. Defining document command \new@mathbf with arg. spec. 'm' on line 131.
.................................................
.................................................
. LaTeX info: "xparse/define-command"
. 
. Defining document command \new@mathit with arg. spec. 'm' on line 139.
.................................................
.................................................
. LaTeX info: "xparse/define-command"
. 
. Defining document command \new@mathrm with arg. spec. 'm' on line 147.
.................................................
.................................................
. LaTeX info: "xparse/define-command"
. 
. Defining document command \new@mathsf with arg. spec. 'm' on line 155.
.................................................
.................................................
. LaTeX info: "xparse/define-command"
. 
. Defining document command \new@mathtt with arg. spec. 'm' on line 163.
.................................................
.................................................
. LaTeX info: "xparse/define-command"
. 
. Defining document command \setmathsfdigitfont with arg. spec. 'O{}m' on line
. 193.
.................................................
.................................................
. LaTeX info: "xparse/define-command"
. 
. Defining document command \setmathttdigitfont with arg. spec. 'O{}m' on line
. 198.
.................................................
) (c:/texlive/2014/texmf-dist/tex/xelatex/bidi/bidi.sty
Package: bidi 2014/04/23 v14.8 Bidirectional typesetting in plain TeX and LaTeX


****************************************************
* 
* bidi package (Bidirectional typesetting in
* plain TeX and LaTeX, using XeTeX engine)
* 
* Description: A convenient interface for
* typesetting bidirectional texts in plain TeX
* and LaTeX. The package includes adaptations
* for use with many other commonly-used packages.
* 
* Copyright © 2009–2014 Vafa Khalighi
* 
* 2014/04/23, v14.8
* 
* License: LaTeX Project Public License, version
* 1.3c or higher (your choice)
* 
* Location on CTAN: /macros/xetex/latex/bidi
* 
* Issue tracker: https://github.com/vafa/bidi/issues
* 
* Support: persian-tex@tug.org
****************************************************
(c:/texlive/2014/texmf-dist/tex/generic/iftex/iftex.sty
Package: iftex 2013/04/04 v0.2 Provides if(tex) conditional for PDFTeX, XeTeX, 
and LuaTeX
)
(c:/texlive/2014/texmf-dist/tex/xelatex/bidi/biditools.sty
Package: biditools 2013/04/10 v0.2 Programming tools for bidi package
)
(c:/texlive/2014/texmf-dist/tex/latex/oberdiek/zref-abspage.sty
Package: zref-abspage 2012/04/04 v2.24 Module abspage for zref (HO)

(c:/texlive/2014/texmf-dist/tex/latex/oberdiek/zref-base.sty
Package: zref-base 2012/04/04 v2.24 Module base for zref (HO)
Package zref Info: New property list: main on input line 759.
Package zref Info: New property: default on input line 760.
Package zref Info: New property: page on input line 761.
)
\c@abspage=\count317
Package zref Info: New property: abspage on input line 62.
)
(c:/texlive/2014/texmf-dist/tex/xelatex/bidi/latex-xetex-bidi.def
File: latex-xetex-bidi.def 2013/10/10 v1.1.5 bidi adaptations for `latex.ltx' f
or XeTeX engine
\bidi@n@everypar=\toks42

(c:/texlive/2014/texmf-dist/tex/xelatex/bidi/footnote-xetex-bidi.def
File: footnote-xetex-bidi.def 2013/04/26 v0.8 bidi footnote macros for XeTeX en
gine
\c@footdir@label=\count318
\footdir@toks=\toks43
)
(c:/texlive/2014/texmf-dist/tex/xelatex/bidi/book-xetex-bidi.def
File: book-xetex-bidi.def 2011/08/26 v0.8 bidi adaptations for standard book cl
ass for XeTeX engine
)
(c:/texlive/2014/texmf-dist/tex/xelatex/bidi/amsmath-xetex-bidi.def
File: amsmath-xetex-bidi.def 2013/09/23 v0.8 bidi adaptations for amsmath packa
ge for XeTeX engine
)
(c:/texlive/2014/texmf-dist/tex/xelatex/bidi/amstext-xetex-bidi.def
File: amstext-xetex-bidi.def 2013/04/04 v0.1 bidi adaptations for amstext packa
ge for XeTeX engine
)
(c:/texlive/2014/texmf-dist/tex/xelatex/bidi/color-xetex-bidi.def
File: color-xetex-bidi.def 2013/04/08 v0.2 bidi adaptations for color package f
or XeTeX engine
LaTeX Info: Redefining \color on input line 46.
)
(c:/texlive/2014/texmf-dist/tex/xelatex/bidi/xcolor-xetex-bidi.def
File: xcolor-xetex-bidi.def 2013/04/08 v0.2 bidi adaptations for xcolor package
 for XeTeX engine
LaTeX Info: Redefining \color on input line 45.
LaTeX Info: Redefining \bidicolor on input line 88.
)
(c:/texlive/2014/texmf-dist/tex/xelatex/bidi/float-xetex-bidi.def
File: float-xetex-bidi.def 2013/04/04 v0.2 bidi adaptations for float package f
or XeTeX engine
)
(c:/texlive/2014/texmf-dist/tex/xelatex/bidi/wrapfig-xetex-bidi.def
File: wrapfig-xetex-bidi.def 2014/04/23 v0.3 bidi adaptations for wrapfig packa
ge for XeTeX engine
)
(c:/texlive/2014/texmf-dist/tex/xelatex/bidi/graphicx-xetex-bidi.def
File: graphicx-xetex-bidi.def 2012/01/01 v0.4 bidi adaptations for graphicx pac
kage for XeTeX engine
)
(c:/texlive/2014/texmf-dist/tex/xelatex/bidi/geometry-xetex-bidi.def
File: geometry-xetex-bidi.def 2013/04/01 v0.1 bidi adaptations for geometry pac
kage for XeTeX engine
)
(c:/texlive/2014/texmf-dist/tex/xelatex/bidi/hyperref-xetex-bidi.def
File: hyperref-xetex-bidi.def 2013/04/08 v0.7 bidi adaptations for hyperref pac
kage for XeTeX engine
)
(c:/texlive/2014/texmf-dist/tex/xelatex/bidi/fancyhdr-xetex-bidi.def
File: fancyhdr-xetex-bidi.def 2012/04/18 v0.4 bidi adaptations for fancyhdr pac
kage for XeTeX engine
)
(c:/texlive/2014/texmf-dist/tex/xelatex/bidi/pstricks-xetex-bidi.def
File: pstricks-xetex-bidi.def 2010/07/25 v0.3 bidi adaptations for pstricks pac
kage for XeTeX engine
)
(c:/texlive/2014/texmf-dist/tex/xelatex/bidi/subfigure-xetex-bidi.def
File: subfigure-xetex-bidi.def 2010/03/01 v0.1 bidi adaptations for subfigure p
ackage for XeTeX engine
)
(c:/texlive/2014/texmf-dist/tex/xelatex/bidi/multicol-xetex-bidi.def
File: multicol-xetex-bidi.def 2014/04/20 v0.4 bidi adaptations for multicol pac
kage for XeTeX engine
)
(c:/texlive/2014/texmf-dist/tex/xelatex/bidi/tocbibind-xetex-bidi.def
File: tocbibind-xetex-bidi.def 2012/12/12 v0.3 bidi adaptations for tocbibind p
ackage for XeTeX engine
))
(c:/texlive/2014/texmf-dist/tex/xelatex/bidi/loadingorder-xetex-bidi.def
File: loadingorder-xetex-bidi.def 2013/05/22 v0.95 making sure that bidi is the
 last package loaded
))
****************************************************
* 
* xepersian package (Persian for LaTeX, using XeTeX engine)
* 
* Description: The package supports Persian
* typesetting, using fonts provided in the
* distribution.
* 
* Copyright © 2008–2013 Vafa Khalighi
* 
* v13.7, 2014/02/05
* 
* License: LaTeX Project Public License, version
* 1.3c or higher (your choice)
* 
* Location on CTAN: /macros/xetex/latex/xepersian
* 
* Issue tracker: https://github.com/vafa/xepersian/issues
* 
* Support: persian-tex@tug.org
****************************************************
.................................................
. LaTeX info: "xparse/define-command"
. 
. Defining document command \settextfont with arg. spec. 'O{}m' on line 110.
.................................................
\g__file_internal_ior=\read1
\g_fontspec_family_persian-modern-regular_int=\count319
.................................................
. fontspec info: "defining-font"
. 
. Font family 'persian-modern-regular(0)' created for font
. 'persian-modern-regular' with options
. [Script=Parsi,Language=Parsi,Mapping=parsidigits,ExternalLocation,BoldFont={p
ersian-modern-bold},BoldItalicFont={persian-modern-bolditalic},ItalicFont={pers
ian-modern-italic},SlantedFont={persian-modern-oblique},BoldSlantedFont={persia
n-modern-boldoblique}].
. 
. This font family consists of the following shapes:
. 
. * 'normal' with NFSS spec.:
. 
. <->"[persian-modern-regular]/ICU:script=arab;language=FAR;mapping=parsidigits
;"
. 
. * 'bold' with NFSS spec.:
. 
. <->"[persian-modern-bold]/ICU:script=arab;language=FAR;mapping=parsidigits;"
. 
. * 'italic' with NFSS spec.:
. 
. <->"[persian-modern-italic]/ICU:script=arab;language=FAR;mapping=parsidigits;
"
. 
. * 'sl/' with NFSS spec.:
. 
. <->"[persian-modern-oblique]/ICU:script=arab;language=FAR;mapping=parsidigits
;"
. 
. * 'bold italic' with NFSS spec.:
. 
. <->"[persian-modern-bolditalic]/ICU:script=arab;language=FAR;mapping=parsidig
its;"
. 
. * 'sl/' with NFSS spec.:
. 
. <->"[persian-modern-boldoblique]/ICU:script=arab;language=FAR;mapping=parsidi
gits;"
.................................................
.................................................
. fontspec info: "defining-font"
. 
. Font family 'persian-modern-regular(1)' created for font
. 'persian-modern-regular' with options
. [Mapping=parsidigits,ExternalLocation,BoldFont={persian-modern-bold},BoldItal
icFont={persian-modern-bolditalic},ItalicFont={persian-modern-italic},SlantedFo
nt={persian-modern-oblique},BoldSlantedFont={persian-modern-boldoblique}].
. 
. This font family consists of the following shapes:
. 
. * 'normal' with NFSS spec.:
. 
. <->"[persian-modern-regular]/ICU:script=latn;language=DFLT;mapping=parsidigit
s;"
. 
. * 'bold' with NFSS spec.:
. 
. <->"[persian-modern-bold]/ICU:script=latn;language=DFLT;mapping=parsidigits;"

. 
. * 'italic' with NFSS spec.:
. 
. <->"[persian-modern-italic]/ICU:script=latn;language=DFLT;mapping=parsidigits
;"
. 
. * 'sl/' with NFSS spec.:
. 
. <->"[persian-modern-oblique]/ICU:script=latn;language=DFLT;mapping=parsidigit
s;"
. 
. * 'bold italic' with NFSS spec.:
. 
. <->"[persian-modern-bolditalic]/ICU:script=latn;language=DFLT;mapping=parsidi
gits;"
. 
. * 'sl/' with NFSS spec.:
. 
. <->"[persian-modern-boldoblique]/ICU:script=latn;language=DFLT;mapping=parsid
igits;"
.................................................
Package xepersian-mathsdigitspec Info: DefiningthedefaultPersianmathsdigitsfont
as'persian-modern-regular' on input line 112.
\symOPERATORS=\mathgroup6
\symnew@mathbf@font@digits=\mathgroup7
\symnew@mathit@font@digits=\mathgroup8
\symnew@mathrm@font@digits=\mathgroup9
.................................................
. LaTeX info: "xparse/define-command"
. 
. Defining document command \setlatintextfont with arg. spec. 'O{}m' on line
. 121.
.................................................
\g_fontspec_family_lmroman10-regular_int=\count320
.................................................
. fontspec info: "defining-font"
. 
. Font family 'lmroman10-regular(0)' created for font 'lmroman10-regular' with
. options
. [Mapping=tex-text,ExternalLocation,BoldFont={lmroman10-bold},BoldItalicFont={
lmroman10-bolditalic},ItalicFont={lmroman10-italic},SmallCapsFont={lmromancaps1
0-regular},SlantedFont={lmromanslant10-regular},BoldSlantedFont={lmromanslant10
-bold}].
. 
. This font family consists of the following shapes:
. 
. * 'normal' with NFSS spec.:
. <->"[lmroman10-regular]/ICU:script=latn;language=DFLT;mapping=tex-text;"
. 
. * 'small caps' with NFSS spec.:
. 
. <->"[lmromancaps10-regular]/ICU:script=latn;language=DFLT;mapping=tex-text;"
. 
. * 'bold' with NFSS spec.:
. <->"[lmroman10-bold]/ICU:script=latn;language=DFLT;mapping=tex-text;"
. 
. * 'bold small caps' with NFSS spec.:
. 
. <->"[lmromancaps10-regular]/ICU:script=latn;language=DFLT;mapping=tex-text;"
. 
. * 'italic' with NFSS spec.:
. <->"[lmroman10-italic]/ICU:script=latn;language=DFLT;mapping=tex-text;"
. 
. * 'italic small caps' with NFSS spec.:
. 
. <->"[lmromancaps10-regular]/ICU:script=latn;language=DFLT;mapping=tex-text;"
. 
. * 'sl/' with NFSS spec.:
. 
. <->"[lmromanslant10-regular]/ICU:script=latn;language=DFLT;mapping=tex-text;"

. 
. * 'small caps' with NFSS spec.:
. 
. <->"[lmromancaps10-regular]/ICU:script=latn;language=DFLT;mapping=tex-text;"
. 
. * 'bold italic' with NFSS spec.:
. <->"[lmroman10-bolditalic]/ICU:script=latn;language=DFLT;mapping=tex-text;"
. 
. * 'bold italic small caps' with NFSS spec.:
. 
. <->"[lmromancaps10-regular]/ICU:script=latn;language=DFLT;mapping=tex-text;"
. 
. * 'sl/' with NFSS spec.:
. <->"[lmromanslant10-bold]/ICU:script=latn;language=DFLT;mapping=tex-text;"
. 
. * 'bold small caps' with NFSS spec.:
. 
. <->"[lmromancaps10-regular]/ICU:script=latn;language=DFLT;mapping=tex-text;"
.................................................
.................................................
. LaTeX info: "xparse/define-command"
. 
. Defining document command \defpersianfont with arg. spec. 'mO{}m' on line
. 133.
.................................................
.................................................
. LaTeX info: "xparse/define-command"
. 
. Defining document command \deflatinfont with arg. spec. 'mO{}m' on line 142.
.................................................
.................................................
. LaTeX info: "xparse/define-command"
. 
. Defining document command \setpersiansansfont with arg. spec. 'O{}m' on line
. 176.
.................................................
.................................................
. LaTeX info: "xparse/define-command"
. 
. Defining document command \setpersianmonofont with arg. spec. 'O{}m' on line
. 180.
.................................................
.................................................
. LaTeX info: "xparse/define-command"
. 
. Defining document command \setnavarfont with arg. spec. 'O{}m' on line 184.
.................................................
.................................................
. LaTeX info: "xparse/define-command"
. 
. Defining document command \setpookfont with arg. spec. 'O{}m' on line 188.
.................................................
\g_fontspec_family_persian-modern-outline_int=\count321
.................................................
. fontspec info: "defining-font"
. 
. Font family 'persian-modern-outline(0)' created for font
. 'persian-modern-outline' with options
. [Script=Parsi,Language=Parsi,Mapping=parsidigits,ExternalLocation,ItalicFont=
{persian-modern-italicoutline},SlantedFont={persian-modern-obliqueoutline}].
. 
. This font family consists of the following shapes:
. 
. * 'normal' with NFSS spec.:
. 
. <->"[persian-modern-outline]/ICU:script=arab;language=FAR;mapping=parsidigits
;"
. 
. * 'italic' with NFSS spec.:
. 
. <->"[persian-modern-italicoutline]/ICU:script=arab;language=FAR;mapping=parsi
digits;"
. 
. * 'sl/' with NFSS spec.:
. 
. <->"[persian-modern-obliqueoutline]/ICU:script=arab;language=FAR;mapping=pars
idigits;"
.................................................
.................................................
. LaTeX info: "xparse/define-command"
. 
. Defining document command \setsayehfont with arg. spec. 'O{}m' on line 193.
.................................................
\g_fontspec_family_persian-modern-shadow_int=\count322
.................................................
. fontspec info: "defining-font"
. 
. Font family 'persian-modern-shadow(0)' created for font
. 'persian-modern-shadow' with options
. [Script=Parsi,Language=Parsi,Mapping=parsidigits,ExternalLocation,ItalicFont=
{persian-modern-italicshadow},SlantedFont={persian-modern-obliqueshadow}].
. 
. This font family consists of the following shapes:
. 
. * 'normal' with NFSS spec.:
. 
. <->"[persian-modern-shadow]/ICU:script=arab;language=FAR;mapping=parsidigits;
"
. 
. * 'italic' with NFSS spec.:
. 
. <->"[persian-modern-italicshadow]/ICU:script=arab;language=FAR;mapping=parsid
igits;"
. 
. * 'sl/' with NFSS spec.:
. 
. <->"[persian-modern-obliqueshadow]/ICU:script=arab;language=FAR;mapping=parsi
digits;"
.................................................
.................................................
. LaTeX info: "xparse/define-command"
. 
. Defining document command \setiranicfont with arg. spec. 'O{}m' on line 198.
.................................................
\g_fontspec_family_persian-modern-oblique_int=\count323
.................................................
. fontspec info: "defining-font"
. 
. Font family 'persian-modern-oblique(0)' created for font
. 'persian-modern-oblique' with options
. [Script=Parsi,Language=Parsi,Mapping=parsidigits,ExternalLocation,BoldFont={p
ersian-modern-boldoblique}].
. 
. This font family consists of the following shapes:
. 
. * 'normal' with NFSS spec.:
. 
. <->"[persian-modern-oblique]/ICU:script=arab;language=FAR;mapping=parsidigits
;"
. 
. * 'bold' with NFSS spec.:
. 
. <->"[persian-modern-boldoblique]/ICU:script=arab;language=FAR;mapping=parsidi
gits;"
.................................................
(c:/texlive/2014/texmf-dist/tex/xelatex/xepersian/loadingorder-xepersian.def
File: loadingorder-xepersian.def 2012/01/01 v0.3 making sure that xepersian is 
the last package loaded
)
(c:/texlive/2014/texmf-dist/tex/xelatex/xepersian/algorithm-xepersian.def
File: algorithm-xepersian.def 2010/07/25 v0.2 adaptations for algorithm package

)
(c:/texlive/2014/texmf-dist/tex/xelatex/xepersian/footnote-xepersian.def
File: footnote-xepersian.def 2013/04/26 v0.4 footnote macros for xepersian pack
age
)
(c:/texlive/2014/texmf-dist/tex/xelatex/xepersian/hyperref-xepersian.def
File: hyperref-xepersian.def 2013/04/09 v0.5 bilingual captions for hyperref pa
ckage
)
(c:/texlive/2014/texmf-dist/tex/xelatex/xepersian/book-xepersian.def
File: book-xepersian.def 2010/07/25 v0.2 adaptations for standard book class
)
(c:/texlive/2014/texmf-dist/tex/xelatex/xepersian/localise-xepersian.def
File: localise-xepersian.def 2010/07/25 v0.2a Persian localisation of LaTeX2e

(c:/texlive/2014/texmf-dist/tex/xelatex/xepersian/latex-localise-commands-xeper
sian.def
File: latex-localise-commands-xepersian.def 2014/02/05 v0.3 Persian localisatio
n of LaTeX2e commands
)
(c:/texlive/2014/texmf-dist/tex/xelatex/xepersian/xepersian-localise-commands-x
epersian.def
File: xepersian-localise-commands-xepersian.def 2012/07/25 v0.2 Persian localis
ation of XePersian commands
)
(c:/texlive/2014/texmf-dist/tex/xelatex/xepersian/latex-localise-environments-x
epersian.def
File: latex-localise-environments-xepersian.def 2010/07/25 v0.2 Persian localis
ation of LaTeX2e environments
)
(c:/texlive/2014/texmf-dist/tex/xelatex/xepersian/xepersian-localise-environmen
ts-xepersian.def
File: xepersian-localise-environments-xepersian.def 2010/07/25 v0.1 Persian loc
alisation of XePersian and bidi environments
)
(c:/texlive/2014/texmf-dist/tex/xelatex/xepersian/latex-localise-messages-xeper
sian.def
File: latex-localise-messages-xepersian.def 2011/03/01 v0.1 localising LaTeX2e 
messages
)
(c:/texlive/2014/texmf-dist/tex/xelatex/xepersian/latex-localise-misc-xepersian
.def
File: latex-localise-misc-xepersian.def 2012/01/01 v0.2 miscellaneous Persian l
ocalisation of LaTeX2e
)
(c:/texlive/2014/texmf-dist/tex/xelatex/xepersian/packages-localise-xepersian.d
ef
File: packages-localise-xepersian.def 2013/04/24 v0.2 localising LaTeX2e Packag
es

(c:/texlive/2014/texmf-dist/tex/xelatex/xepersian/color-localise-xepersian.def
File: color-localise-xepersian.def 2011/03/01 v0.1 localising color package
))
*************************************************
* fontspec warning: "rename-feature-not-exist"
* 
* The feature Renderer doesn't appear to be defined.
*************************************************
)) (c:/texlive/2014/texmf-dist/tex/latex/algorithmicx/algpseudocode.sty
Package: algpseudocode 

Document Style - pseudocode environments for use with the `algorithmicx' style
) (./styles/alg-fa.tex)
*geometry* verbose mode - [ newgeometry ] result:
* driver: 
* paper: a4paper
* layout: <same size as paper>
* layoutoffset:(h,v)=(0.0pt,0.0pt)
* modes: 
* h-part:(L,W,R)=(71.13188pt, 441.01773pt, 85.35826pt)
* v-part:(T,H,B)=(99.58464pt, 645.87756pt, 99.58464pt)
* \paperwidth=597.50787pt
* \paperheight=845.04684pt
* \textwidth=441.01773pt
* \textheight=645.87756pt
* \oddsidemargin=-1.1381pt
* \evensidemargin=-1.1381pt
* \topmargin=-17.55914pt
* \headheight=25.0pt
* \headsep=19.8738pt
* \topskip=11.0pt
* \footskip=27.46295pt
* \marginparwidth=53.0pt
* \marginparsep=7.0pt
* \columnsep=10.0pt
* \skip\footins=10.0pt plus 4.0pt minus 2.0pt
* \hoffset=0.0pt
* \voffset=0.0pt
* \mag=1000
* \@twocolumnfalse
* \@twosidefalse
* \@mparswitchfalse
* \@reversemarginfalse
* (1in=72.27pt=25.4mm, 1cm=28.453pt)

\g_fontspec_family_XB Niloofar_int=\count324
.................................................
. fontspec info: "defining-font"
. 
. Font family 'XBNiloofar(0)' created for font 'XB Niloofar' with options
. [Script=Parsi,Language=Parsi,Mapping=parsidigits,Scale=1].
. 
. This font family consists of the following shapes:
. 
. * 'normal' with NFSS spec.:
. <->s*[1]"XB Niloofar/ICU:script=arab;language=FAR;mapping=parsidigits;"
. 
. * 'bold' with NFSS spec.:
. <->s*[1]"XB Niloofar/B/ICU:script=arab;language=FAR;mapping=parsidigits;"
. 
. * 'italic' with NFSS spec.:
. <->s*[1]"XB Niloofar/I/ICU:script=arab;language=FAR;mapping=parsidigits;"
. 
. * 'bold italic' with NFSS spec.:
. <->s*[1]"XB Niloofar/BI/ICU:script=arab;language=FAR;mapping=parsidigits;"
.................................................
LaTeX Info: Redefining \persianfont on input line 38.
LaTeX Font Info:    Font shape `EU1/XBNiloofar(0)/m/n' will be
(Font)              scaled to size 10.0pt on input line 38.
.................................................
. fontspec info: "defining-font"
. 
. Font family 'XBNiloofar(1)' created for font 'XB Niloofar' with options
. [Mapping=parsidigits,Scale=1].
. 
. This font family consists of the following shapes:
. 
. * 'normal' with NFSS spec.:
. <->s*[1]"XB Niloofar/ICU:script=latn;language=DFLT;mapping=parsidigits;"
. 
. * 'bold' with NFSS spec.:
. <->s*[1]"XB Niloofar/B/ICU:script=latn;language=DFLT;mapping=parsidigits;"
. 
. * 'italic' with NFSS spec.:
. <->s*[1]"XB Niloofar/I/ICU:script=latn;language=DFLT;mapping=parsidigits;"
. 
. * 'bold italic' with NFSS spec.:
. <->s*[1]"XB Niloofar/BI/ICU:script=latn;language=DFLT;mapping=parsidigits;"
.................................................
Package xepersian-mathsdigitspec Info: DefiningthedefaultPersianmathsdigitsfont
as'XB Niloofar' on input line 39.
LaTeX Font Info:    Redeclaring symbol font `OPERATORS' on input line 39.
LaTeX Font Info:    Overwriting symbol font `OPERATORS' in version `normal'
(Font)                  EU1/persian-modern-regular(1)/m/n --> EU1/XBNiloofar(1)
/m/n on input line 39.
LaTeX Font Info:    Overwriting symbol font `OPERATORS' in version `bold'
(Font)                  EU1/persian-modern-regular(1)/m/n --> EU1/XBNiloofar(1)
/m/n on input line 39.
LaTeX Font Info:    Redeclaring symbol font `new@mathbf@font@digits' on input l
ine 39.
LaTeX Font Info:    Overwriting symbol font `new@mathbf@font@digits' in version
 `normal'
(Font)                  EU1/persian-modern-regular(1)/bx/n --> EU1/XBNiloofar(1
)/bx/n on input line 39.
LaTeX Font Info:    Overwriting symbol font `new@mathbf@font@digits' in version
 `bold'
(Font)                  EU1/persian-modern-regular(1)/bx/n --> EU1/XBNiloofar(1
)/bx/n on input line 39.
LaTeX Font Info:    Redeclaring symbol font `new@mathit@font@digits' on input l
ine 39.
LaTeX Font Info:    Overwriting symbol font `new@mathit@font@digits' in version
 `normal'
(Font)                  EU1/persian-modern-regular(1)/m/it --> EU1/XBNiloofar(1
)/m/it on input line 39.
LaTeX Font Info:    Overwriting symbol font `new@mathit@font@digits' in version
 `bold'
(Font)                  EU1/persian-modern-regular(1)/m/it --> EU1/XBNiloofar(1
)/m/it on input line 39.
LaTeX Font Info:    Redeclaring symbol font `new@mathrm@font@digits' on input l
ine 39.
LaTeX Font Info:    Overwriting symbol font `new@mathrm@font@digits' in version
 `normal'
(Font)                  EU1/persian-modern-regular(1)/m/n --> EU1/XBNiloofar(1)
/m/n on input line 39.
LaTeX Font Info:    Overwriting symbol font `new@mathrm@font@digits' in version
 `bold'
(Font)                  EU1/persian-modern-regular(1)/m/n --> EU1/XBNiloofar(1)
/m/n on input line 39.
\g_fontspec_family_XB Kayhan Pook_int=\count325
.................................................
. fontspec info: "no-font-shape"
. 
. Could not resolve font XB Kayhan Pook/B (it probably doesn't exist).
.................................................
.................................................
. fontspec info: "no-font-shape"
. 
. Could not resolve font XB Kayhan Pook/I (it probably doesn't exist).
.................................................
.................................................
. fontspec info: "no-font-shape"
. 
. Could not resolve font XB Kayhan Pook/BI (it probably doesn't exist).
.................................................
.................................................
. fontspec info: "defining-font"
. 
. Font family 'XBKayhanPook(0)' created for font 'XB Kayhan Pook' with options
. [Script=Parsi,Language=Parsi,Mapping=parsidigits,Scale=1].
. 
. This font family consists of the following shapes:
. 
. * 'normal' with NFSS spec.:
. <->s*[1]"XB Kayhan Pook/ICU:script=arab;language=FAR;mapping=parsidigits;"
.................................................
\c@قضیه=\count326
\c@مسئله=\count327
\c@تعریف=\count328
\c@مثال=\count329
.................................................
. LaTeX info: "xparse/define-command"
. 
. Defining document command \img with arg. spec. 'm m o' on line 161.
.................................................
) (./styles/custom.tex) (./thesis.aux)
\openout1 = `thesis.aux'.

LaTeX Font Info:    Checking defaults for OML/cmm/m/it on input line 29.
LaTeX Font Info:    ... okay on input line 29.
LaTeX Font Info:    Checking defaults for T1/cmr/m/n on input line 29.
LaTeX Font Info:    ... okay on input line 29.
LaTeX Font Info:    Checking defaults for OT1/cmr/m/n on input line 29.
LaTeX Font Info:    ... okay on input line 29.
LaTeX Font Info:    Checking defaults for OMS/cmsy/m/n on input line 29.
LaTeX Font Info:    ... okay on input line 29.
LaTeX Font Info:    Checking defaults for OMX/cmex/m/n on input line 29.
LaTeX Font Info:    ... okay on input line 29.
LaTeX Font Info:    Checking defaults for U/cmr/m/n on input line 29.
LaTeX Font Info:    ... okay on input line 29.
LaTeX Font Info:    Checking defaults for PD1/pdf/m/n on input line 29.
LaTeX Font Info:    ... okay on input line 29.
LaTeX Font Info:    Checking defaults for PU/pdf/m/n on input line 29.
LaTeX Font Info:    ... okay on input line 29.
LaTeX Font Info:    Checking defaults for EU1/lmr/m/n on input line 29.
LaTeX Font Info:    ... okay on input line 29.
LaTeX Font Info:    Checking defaults for T3/cmr/m/n on input line 29.
LaTeX Font Info:    Try loading font information for T3+cmr on input line 29.

(c:/texlive/2014/texmf-dist/tex/latex/tipa/t3cmr.fd
File: t3cmr.fd 2001/12/31 TIPA font definitions
)
LaTeX Font Info:    ... okay on input line 29.
LaTeX Font Info:    Font shape `EU1/XBNiloofar(0)/m/n' will be
(Font)              scaled to size 10.95pt on input line 29.
\AtBeginShipoutBox=\box77
Package hyperref Info: Link coloring ON on input line 29.

(c:/texlive/2014/texmf-dist/tex/latex/hyperref/nameref.sty
Package: nameref 2012/10/27 v2.43 Cross-referencing by name of section

(c:/texlive/2014/texmf-dist/tex/generic/oberdiek/gettitlestring.sty
Package: gettitlestring 2010/12/03 v1.4 Cleanup title references (HO)
)
\c@section@level=\count330
)
LaTeX Info: Redefining \ref on input line 29.
LaTeX Info: Redefining \pageref on input line 29.
LaTeX Info: Redefining \nameref on input line 29.

(./thesis.out) (./thesis.out)
\@outlinefile=\write3
\openout3 = `thesis.out'.


*geometry* driver: auto-detecting
*geometry* detected driver: xetex
*geometry* verbose mode - [ preamble ] result:
* driver: xetex
* paper: a4paper
* layout: <same size as paper>
* layoutoffset:(h,v)=(0.0pt,0.0pt)
* modes: 
* h-part:(L,W,R)=(71.13188pt, 441.01773pt, 85.35826pt)
* v-part:(T,H,B)=(99.58464pt, 645.87756pt, 99.58464pt)
* \paperwidth=597.50787pt
* \paperheight=845.04684pt
* \textwidth=441.01773pt
* \textheight=645.87756pt
* \oddsidemargin=-1.1381pt
* \evensidemargin=-1.1381pt
* \topmargin=-17.55914pt
* \headheight=25.0pt
* \headsep=19.8738pt
* \topskip=11.0pt
* \footskip=27.46295pt
* \marginparwidth=53.0pt
* \marginparsep=7.0pt
* \columnsep=10.0pt
* \skip\footins=10.0pt plus 4.0pt minus 2.0pt
* \hoffset=0.0pt
* \voffset=0.0pt
* \mag=1000
* \@twocolumnfalse
* \@twosidefalse
* \@mparswitchfalse
* \@reversemarginfalse
* (1in=72.27pt=25.4mm, 1cm=28.453pt)

(./front/info.tex) (./front/template/title.tex
File: front/template/images/logo.png Graphic file (type QTm)

<use  "front/template/images/logo.png" >
LaTeX Font Info:    Font shape `EU1/XBNiloofar(0)/m/n' will be
(Font)              scaled to size 14.4pt on input line 8.
LaTeX Font Info:    Font shape `EU1/XBNiloofar(0)/m/n' will be
(Font)              scaled to size 12.0pt on input line 23.
LaTeX Font Info:    Font shape `EU1/XBNiloofar(0)/m/n' will be
(Font)              scaled to size 20.74pt on input line 24.
LaTeX Font Info:    Font shape `EU1/XBNiloofar(0)/bx/n' will be
(Font)              scaled to size 20.74pt on input line 24.
LaTeX Font Info:    Font shape `EU1/XBNiloofar(0)/bx/n' will be
(Font)              scaled to size 14.4pt on input line 29.

(c:/texlive/2014/texmf-dist/tex/generic/oberdiek/se-ascii-print.def
File: se-ascii-print.def 2011/12/02 v1.10 stringenc: Printable ASCII characters

) [1


])
(./front/template/besmellah.tex
File: front/template/images/besmellah.jpg Graphic file (type QTm)
 <use  "front/template/images/besmellah.jpg" >
[2]) (./front/template/signatures.tex
.................................................
. fontspec info: "defining-font"
. 
. Font family 'XBNiloofar(2)' created for font 'XB Niloofar' with options
. [Script=Parsi,Language=Parsi,Mapping=parsidigits,Scale=1.2].
. 
. This font family consists of the following shapes:
. 
. * 'normal' with NFSS spec.:
. <->s*[1.2]"XB Niloofar/ICU:script=arab;language=FAR;mapping=parsidigits;"
. 
. * 'bold' with NFSS spec.:
. <->s*[1.2]"XB Niloofar/B/ICU:script=arab;language=FAR;mapping=parsidigits;"
. 
. * 'italic' with NFSS spec.:
. <->s*[1.2]"XB Niloofar/I/ICU:script=arab;language=FAR;mapping=parsidigits;"
. 
. * 'bold italic' with NFSS spec.:
. <->s*[1.2]"XB Niloofar/BI/ICU:script=arab;language=FAR;mapping=parsidigits;"
.................................................
LaTeX Info: Redefining \persianfont on input line 4.
LaTeX Font Info:    Font shape `EU1/XBNiloofar(2)/m/n' will be
(Font)              scaled to size 13.13995pt on input line 4.
.................................................
. fontspec info: "defining-font"
. 
. Font family 'XBNiloofar(3)' created for font 'XB Niloofar' with options
. [Mapping=parsidigits,Scale=1.2].
. 
. This font family consists of the following shapes:
. 
. * 'normal' with NFSS spec.:
. <->s*[1.2]"XB Niloofar/ICU:script=latn;language=DFLT;mapping=parsidigits;"
. 
. * 'bold' with NFSS spec.:
. <->s*[1.2]"XB Niloofar/B/ICU:script=latn;language=DFLT;mapping=parsidigits;"
. 
. * 'italic' with NFSS spec.:
. <->s*[1.2]"XB Niloofar/I/ICU:script=latn;language=DFLT;mapping=parsidigits;"
. 
. * 'bold italic' with NFSS spec.:
. <->s*[1.2]"XB
. Niloofar/BI/ICU:script=latn;language=DFLT;mapping=parsidigits;"
.................................................
Package xepersian-mathsdigitspec Info: DefiningthedefaultPersianmathsdigitsfont
as'XB Niloofar' on input line 5.
LaTeX Font Info:    Redeclaring symbol font `OPERATORS' on input line 5.
LaTeX Font Info:    Overwriting symbol font `OPERATORS' in version `normal'
(Font)                  EU1/XBNiloofar(1)/m/n --> EU1/XBNiloofar(3)/m/n on inpu
t line 5.
LaTeX Font Info:    Overwriting symbol font `OPERATORS' in version `bold'
(Font)                  EU1/XBNiloofar(1)/m/n --> EU1/XBNiloofar(3)/m/n on inpu
t line 5.
LaTeX Font Info:    Redeclaring symbol font `new@mathbf@font@digits' on input l
ine 5.
LaTeX Font Info:    Overwriting symbol font `new@mathbf@font@digits' in version
 `normal'
(Font)                  EU1/XBNiloofar(1)/bx/n --> EU1/XBNiloofar(3)/bx/n on in
put line 5.
LaTeX Font Info:    Overwriting symbol font `new@mathbf@font@digits' in version
 `bold'
(Font)                  EU1/XBNiloofar(1)/bx/n --> EU1/XBNiloofar(3)/bx/n on in
put line 5.
LaTeX Font Info:    Redeclaring symbol font `new@mathit@font@digits' on input l
ine 5.
LaTeX Font Info:    Overwriting symbol font `new@mathit@font@digits' in version
 `normal'
(Font)                  EU1/XBNiloofar(1)/m/it --> EU1/XBNiloofar(3)/m/it on in
put line 5.
LaTeX Font Info:    Overwriting symbol font `new@mathit@font@digits' in version
 `bold'
(Font)                  EU1/XBNiloofar(1)/m/it --> EU1/XBNiloofar(3)/m/it on in
put line 5.
LaTeX Font Info:    Redeclaring symbol font `new@mathrm@font@digits' on input l
ine 5.
LaTeX Font Info:    Overwriting symbol font `new@mathrm@font@digits' in version
 `normal'
(Font)                  EU1/XBNiloofar(1)/m/n --> EU1/XBNiloofar(3)/m/n on inpu
t line 5.
LaTeX Font Info:    Overwriting symbol font `new@mathrm@font@digits' in version
 `bold'
(Font)                  EU1/XBNiloofar(1)/m/n --> EU1/XBNiloofar(3)/m/n on inpu
t line 5.
LaTeX Font Info:    Font shape `EU1/XBNiloofar(2)/m/n' will be
(Font)              scaled to size 14.39996pt on input line 8.
LaTeX Font Info:    Font shape `EU1/XBNiloofar(2)/bx/n' will be
(Font)              scaled to size 14.39996pt on input line 12.
LaTeX Font Info:    Try loading font information for U+msa on input line 37.

(c:/texlive/2014/texmf-dist/tex/latex/amsfonts/umsa.fd
File: umsa.fd 2013/01/14 v3.01 AMS symbols A
)
LaTeX Font Info:    Try loading font information for U+msb on input line 37.

(c:/texlive/2014/texmf-dist/tex/latex/amsfonts/umsb.fd
File: umsb.fd 2013/01/14 v3.01 AMS symbols B
)
LaTeX Font Info:    Font shape `EU1/XBNiloofar(3)/m/n' will be
(Font)              scaled to size 14.39996pt on input line 37.
LaTeX Font Info:    Font shape `EU1/XBNiloofar(3)/m/n' will be
(Font)              scaled to size 9.59998pt on input line 37.
LaTeX Font Info:    Font shape `EU1/XBNiloofar(3)/m/n' will be
(Font)              scaled to size 7.19998pt on input line 37.
LaTeX Font Info:    Font shape `EU1/XBNiloofar(3)/bx/n' will be
(Font)              scaled to size 14.39996pt on input line 37.
LaTeX Font Info:    Font shape `EU1/XBNiloofar(3)/bx/n' will be
(Font)              scaled to size 9.59998pt on input line 37.
LaTeX Font Info:    Font shape `EU1/XBNiloofar(3)/bx/n' will be
(Font)              scaled to size 7.19998pt on input line 37.
LaTeX Font Info:    Font shape `EU1/XBNiloofar(3)/m/it' will be
(Font)              scaled to size 14.39996pt on input line 37.
LaTeX Font Info:    Font shape `EU1/XBNiloofar(3)/m/it' will be
(Font)              scaled to size 9.59998pt on input line 37.
LaTeX Font Info:    Font shape `EU1/XBNiloofar(3)/m/it' will be
(Font)              scaled to size 7.19998pt on input line 37.
 [3])
(./front/acknowledge.tex
LaTeX Font Info:    Font shape `EU1/XBNiloofar(2)/bx/n' will be
(Font)              scaled to size 13.13995pt on input line 8.
 [4]) (./front/abstract.tex
LaTeX Font Info:    Font shape `EU1/XBNiloofar(3)/m/n' will be
(Font)              scaled to size 13.13995pt on input line 15.
LaTeX Font Info:    Font shape `EU1/XBNiloofar(3)/bx/n' will be
(Font)              scaled to size 13.13995pt on input line 15.
LaTeX Font Info:    Font shape `EU1/XBNiloofar(3)/m/it' will be
(Font)              scaled to size 13.13995pt on input line 15.

Underfull \hbox (badness 10000) in paragraph at lines 19--20
[][]
 []

[5])
LaTeX Font Info:    Font shape `EU1/XBNiloofar(2)/m/n' will be
(Font)              scaled to size 29.85593pt on input line 50.
LaTeX Font Info:    Font shape `EU1/XBNiloofar(2)/bx/n' will be
(Font)              scaled to size 29.85593pt on input line 50.
 (./thesis.toc [6

] [7])
\tf@toc=\write4
\openout4 = `thesis.toc'.

 [8] (./thesis.lof
Overfull \hbox (0.38237pt too wide) detected at line 19
\EU1/XBNiloofar(2)/m/n/10.95 ۳‏-‏۱۰ 
 []


Overfull \hbox (0.38237pt too wide) detected at line 20
\EU1/XBNiloofar(2)/m/n/10.95 ۳‏-‏۱۱ 
 []

[9

])
\tf@lof=\write5
\openout5 = `thesis.lof'.

 [10] (./thesis.lot)
\tf@lot=\write6
\openout6 = `thesis.lot'.

 [11

] (./chapters/introduction.tex
فصل 1.
LaTeX Font Info:    Font shape `EU1/XBNiloofar(2)/m/n' will be
(Font)              scaled to size 24.88794pt on input line 1.
LaTeX Font Info:    Font shape `EU1/XBNiloofar(2)/bx/n' will be
(Font)              scaled to size 24.88794pt on input line 1.
LaTeX Font Info:    Font shape `EU1/XBNiloofar(2)/m/n' will be
(Font)              scaled to size 17.27994pt on input line 8.
LaTeX Font Info:    Font shape `EU1/XBNiloofar(2)/bx/n' will be
(Font)              scaled to size 17.27994pt on input line 8.
[1

] [2]
LaTeX Font Info:    Font shape `EU1/XBNiloofar(2)/m/n' will be
(Font)              scaled to size 9.59998pt on input line 45.
LaTeX Font Info:    Font shape `EU1/XBNiloofar(2)/m/n' will be
(Font)              scaled to size 10.79997pt on input line 45.
LaTeX Font Info:    Font shape `EU1/XBNiloofar(3)/m/n' will be
(Font)              scaled to size 10.79997pt on input line 45.
LaTeX Font Info:    Font shape `EU1/XBNiloofar(3)/m/n' will be
(Font)              scaled to size 5.99998pt on input line 45.
LaTeX Font Info:    Font shape `EU1/XBNiloofar(3)/bx/n' will be
(Font)              scaled to size 10.79997pt on input line 45.
LaTeX Font Info:    Font shape `EU1/XBNiloofar(3)/bx/n' will be
(Font)              scaled to size 5.99998pt on input line 45.
LaTeX Font Info:    Font shape `EU1/XBNiloofar(3)/m/it' will be
(Font)              scaled to size 10.79997pt on input line 45.
LaTeX Font Info:    Font shape `EU1/XBNiloofar(3)/m/it' will be
(Font)              scaled to size 5.99998pt on input line 45.
LaTeX Font Info:    Font shape `EU1/XBNiloofar(2)/m/n' will be
(Font)              scaled to size 7.19998pt on input line 45.
 [3] [4]) (./chapters/definitions.tex [5]
فصل 2.
[6

]

LaTeX Font Warning: Command \small invalid in math mode on input line 28.

LaTeX Font Info:    Font shape `EU1/XBNiloofar(2)/m/n' will be
(Font)              scaled to size 11.99997pt on input line 28.

LaTeX Font Warning: Command \small invalid in math mode on input line 29.

[7]

LaTeX Font Warning: Command \small invalid in math mode on input line 30.


LaTeX Font Warning: Command \small invalid in math mode on input line 31.


LaTeX Font Warning: Command \small invalid in math mode on input line 32.

[8] [9] [10]
Overfull \hbox (0.11043pt too wide) in paragraph at lines 76--77
[]\EU1/XBNiloofar(2)/m/n/10.95 تروا‌ها می‌توانند با تغییر عمدی پارامترهای مدار،
 باعث کاهش کارایی شوند. آنها ممکن است مشخصات[]
 []

[11] [12]
File: figs/fig1-2.png Graphic file (type QTm)
 <use  "figs/fig1-2.png" >
Overfull \hbox (73.236pt too wide) in paragraph at lines 93--94
 [][][][][] 
 []

[13] [14]
File: figs/fig3-1.png Graphic file (type QTm)
 <use  "figs/fig3-1.png" >
File: figs/fig2-3.png Graphic file (type QTm)
 <use  "figs/fig2-3.png" >
File: figs/fig3-3.png Graphic file (type QTm)

<use  "figs/fig3-3.png" >
File: figs/fig4-3.png Graphic file (type QTm)
 <use  "figs/fig4-3.png" > [15]
File: figs/fig5-3.png Graphic file (type QTm)

<use  "figs/fig5-3.png" >) (./chapters/literature.tex [16] [17]
فصل 3.
[18

]
File: figs/fig1-4.png Graphic file (type QTm)
 <use  "figs/fig1-4.png" >
Overfull \hbox (12.42043pt too wide) in paragraph at lines 13--16
 [][][][][] 
 []

[19] [20] [21]
File: figs/fig4-4.png Graphic file (type QTm)
 <use  "figs/fig4-4.png" >
File: figs/fig5-4.png Graphic file (type QTm)
 <use  "figs/fig5-4.png" >
Overfull \hbox (5.31241pt too wide) in paragraph at lines 64--66
 [][][][][] 
 []

[22] [23] [24] [25] [26] [27]
File: figs/fig1-5.png Graphic file (type QTm)
 <use  "figs/fig1-5.png" > [28] [29]
File: figs/fig2-5.png Graphic file (type QTm)

<use  "figs/fig2-5.png" >
Overfull \hbox (71.58226pt too wide) in paragraph at lines 115--117
 [][][][][] 
 []

File: figs/fig3-5.png Graphic file (type QTm)
<use  "figs/fig3-5.png" > [30]
File: figs/fig4-5.png Graphic file (type QTm)
 <use  "figs/fig4-5.png" >
Overfull \hbox (45.23718pt too wide) in paragraph at lines 139--141
 [][][][][] 
 []

[31]
File: figs/fig5-5.png Graphic file (type QTm)
 <use  "figs/fig5-5.png" >
File: figs/fig6-5.png Graphic file (type QTm)
 <use  "figs/fig6-5.png" > [32] [33] [34]
File: figs/fig7-5.png Graphic file (type QTm)

<use  "figs/fig7-5.png" >
Overfull \hbox (58.78606pt too wide) in paragraph at lines 182--184
 [][][][][] 
 []

[35]
File: figs/fig8-5.png Graphic file (type QTm)
 <use  "figs/fig8-5.png" > [36] [37]
Underfull \hbox (badness 10000) in paragraph at lines 217--217
[][]\EU1/XBNiloofar(2)/bx/n/10.95 رویکرد تحلیل اثرات[]
 []


Underfull \hbox (badness 10000) in paragraph at lines 218--218
[]\EU1/XBNiloofar(2)/m/n/10.95 است تولید بردارهای[]
 []


Underfull \hbox (badness 10000) in paragraph at lines 219--219
[][]\EU1/XBNiloofar(2)/m/n/10.95 نسبت به نویز فرآیند[]
 []


Underfull \hbox (badness 10000) in paragraph at lines 219--219
[]\EU1/XBNiloofar(2)/m/n/10.95 حساس است تشخیص[]
 []


Underfull \hbox (badness 10000) in paragraph at lines 219--219
[]\EU1/XBNiloofar(2)/m/n/10.95 تروا‌های کوچک مساله[]
 []


Underfull \hbox (badness 10000) in paragraph at lines 219--219
[][]\EU1/XBNiloofar(2)/m/n/10.95 تولید بردارهای آزمون[]
 []


Underfull \hbox (badness 10000) in paragraph at lines 232--232
[][]\EU1/XBNiloofar(2)/m/n/10.95 نوع[]
 []


Underfull \hbox (badness 10000) in paragraph at lines 232--232
[][]\EU1/XBNiloofar(2)/m/n/10.95 تروا‌های قابل[]
 []


Overfull \hbox (13.37312pt too wide) in paragraph at lines 233--233
[][]\EU1/XBNiloofar(2)/m/n/10.95 روش‌ها‌‌ی[]
 []


Underfull \hbox (badness 10000) in paragraph at lines 233--233
[]\EU1/XBNiloofar(2)/m/n/10.95 آزمون[]
 []


Underfull \hbox (badness 10000) in paragraph at lines 233--233
[][]\EU1/XBNiloofar(2)/m/n/10.95 روش تولید[]
 []


Underfull \hbox (badness 6559) in paragraph at lines 233--233
[][]\EU1/XBNiloofar(2)/m/n/10.95 اغلب تروا‌های با[]
 []


Underfull \hbox (badness 10000) in paragraph at lines 233--233
[]\EU1/XBNiloofar(2)/m/n/10.95 تحریک ترکیبی،[]
 []


Underfull \hbox (badness 10000) in paragraph at lines 233--233
[]\EU1/XBNiloofar(2)/m/n/10.95 تعداد معدودی[]
 []


Underfull \hbox (badness 10000) in paragraph at lines 233--233
[]\EU1/XBNiloofar(2)/m/n/10.95 از تروا‌های با[]
 []


Underfull \hbox (badness 10000) in paragraph at lines 233--233
[]\EU1/XBNiloofar(2)/m/n/10.95 تحریک ترتیبی([]
 []


Underfull \hbox (badness 2573) in paragraph at lines 233--233
[]\EU1/XBNiloofar(2)/m/n/10.95 زیادی دارد.(۴۴.۵[]
 []


Underfull \hbox (badness 4181) in paragraph at lines 233--233
[]\EU1/XBNiloofar(2)/m/n/10.95 ساعت برای مدار[]
 []


Underfull \hbox (badness 5878) in paragraph at lines 233--235
[][]\EU1/XBNiloofar(2)/m/n/10.95 طبق نتایج مقاله،[]
 []


Underfull \hbox (badness 10000) in paragraph at lines 233--235
[]\EU1/XBNiloofar(2)/m/n/10.95 برای مدارهای[]
 []


Underfull \hbox (badness 10000) in paragraph at lines 233--235
[]\EU1/XBNiloofar(2)/m/n/10.95 ترتیبی نسبت به[]
 []


Underfull \hbox (badness 10000) in paragraph at lines 233--235
[]\EU1/XBNiloofar(2)/m/n/10.95 روش بردارهای[]
 []


Underfull \hbox (badness 10000) in paragraph at lines 233--235
[]\EU1/XBNiloofar(2)/m/n/10.95 تصادفی تفاوت[]
 []


Underfull \hbox (badness 3428) in paragraph at lines 233--235
[]\EU1/XBNiloofar(2)/m/n/10.95 برخی موارد کمتر[]
 []


Underfull \hbox (badness 1910) in paragraph at lines 233--235
[]\EU1/XBNiloofar(2)/m/n/10.95 شده‌است. ضمن[]
 []


Underfull \hbox (badness 10000) in paragraph at lines 233--235
[]\EU1/XBNiloofar(2)/m/n/10.95 اینکه این روش[]
 []


Underfull \hbox (badness 10000) in paragraph at lines 233--235
[]\EU1/XBNiloofar(2)/m/n/10.95 مدار برای یافتن[]
 []


Underfull \hbox (badness 10000) in paragraph at lines 233--235
[]\EU1/XBNiloofar(2)/m/n/10.95 رخدادهای نادر[]
 []


Underfull \hbox (badness 3029) in paragraph at lines 233--235
[]\EU1/XBNiloofar(2)/m/n/10.95 دارد. MERO[]
 []


Underfull \hbox (badness 10000) in paragraph at lines 236--236
[]\EU1/XBNiloofar(2)/m/n/10.95 پیمانه‌ها (افزایش[]
 []


Underfull \hbox (badness 10000) in paragraph at lines 236--236
[]\EU1/XBNiloofar(2)/m/n/10.95 کنترل پذیری و[]
 []


Underfull \hbox (badness 10000) in paragraph at lines 236--236
[]\EU1/XBNiloofar(2)/m/n/10.95 مشاهده پذیری)[]
 []


Underfull \hbox (badness 10000) in paragraph at lines 236--236
[][]\EU1/XBNiloofar(2)/m/n/10.95 فقط تروا‌های[]
 []


Underfull \hbox (badness 10000) in paragraph at lines 236--236
[]\EU1/XBNiloofar(2)/m/n/10.95 تروا‌هایی که در[]
 []


Underfull \hbox (badness 1117) in paragraph at lines 236--236
[][]\EU1/XBNiloofar(2)/m/n/10.95 طبق گزارش مقاله[]
 []


Underfull \hbox (badness 10000) in paragraph at lines 236--236
[]$[][][]$ \EU1/XBNiloofar(2)/m/n/10.95 سربار توان[]
 []


Underfull \hbox (badness 10000) in paragraph at lines 236--236
[]\EU1/XBNiloofar(2)/m/n/10.95 تاخیر و ۹ پایه[]
 []


Underfull \hbox (badness 10000) in paragraph at lines 236--237
[]\EU1/XBNiloofar(2)/m/n/10.95 امضای خروجی،[]
 []


Underfull \hbox (badness 10000) in paragraph at lines 236--237
[]\EU1/XBNiloofar(2)/m/n/10.95 در نتیجه این[]
 []


Underfull \hbox (badness 10000) in paragraph at lines 236--237
[]\EU1/XBNiloofar(2)/m/n/10.95 روش موثر است[]
 []


Underfull \hbox (badness 5847) in paragraph at lines 236--237
[]\EU1/XBNiloofar(2)/m/n/10.95 که در این مقاله[]
 []

[38] [39]
Underfull \hbox (badness 10000) in paragraph at lines 243--243
[][]\EU1/XBNiloofar(2)/m/n/10.95 نوع[]
 []


Underfull \hbox (badness 10000) in paragraph at lines 243--243
[][]\EU1/XBNiloofar(2)/m/n/10.95 تروا‌های قابل[]
 []


Overfull \hbox (13.37312pt too wide) in paragraph at lines 244--244
[][]\EU1/XBNiloofar(2)/m/n/10.95 روش‌ها‌‌ی[]
 []


Underfull \hbox (badness 10000) in paragraph at lines 244--244
[]\EU1/XBNiloofar(2)/m/n/10.95 تحلیل[]
 []


Underfull \hbox (badness 10000) in paragraph at lines 244--244
[]\EU1/XBNiloofar(2)/m/n/10.95 اثرات[]
 []


Underfull \hbox (badness 10000) in paragraph at lines 244--244
[]\EU1/XBNiloofar(2)/m/n/10.95 جانبی[]
 []


Underfull \hbox (badness 10000) in paragraph at lines 244--244
[]\EU1/XBNiloofar(2)/m/n/10.95 با[]
 []


Overfull \hbox (2.60709pt too wide) in paragraph at lines 244--244
[]\EU1/XBNiloofar(2)/m/n/10.95 رویکرد[]
 []


Underfull \hbox (badness 10000) in paragraph at lines 244--244
[]\EU1/XBNiloofar(2)/m/n/10.95 اندازه[]
 []


Underfull \hbox (badness 10000) in paragraph at lines 244--244
[]\EU1/XBNiloofar(2)/m/n/10.95 ‌گیری[]
 []


Underfull \hbox (badness 10000) in paragraph at lines 244--244
[]\EU1/XBNiloofar(2)/m/n/10.95 توان[]
 []


Overfull \hbox (4.14691pt too wide) in paragraph at lines 244--244
[]\EU1/XBNiloofar(2)/m/n/10.95 مصرفی| []
 []


Underfull \hbox (badness 4660) in paragraph at lines 244--244
[][]\EU1/XBNiloofar(2)/m/n/10.95 روش ناحیه بندی[]
 []


Underfull \hbox (badness 10000) in paragraph at lines 244--244
[][]\EU1/XBNiloofar(2)/m/n/10.95 فقط تروا‌های با[]
 []


Underfull \hbox (badness 1028) in paragraph at lines 244--244
[]\EU1/XBNiloofar(2)/m/n/10.95 تحریک ترتیبی که[]
 []


Underfull \hbox (badness 10000) in paragraph at lines 244--244
[]\EU1/XBNiloofar(2)/m/n/10.95 در شرایط خاص[]
 []


Underfull \hbox (badness 3746) in paragraph at lines 244--244
[][]\EU1/XBNiloofar(2)/m/n/10.95 سربار زمانی حین[]
 []


Underfull \hbox (badness 1253) in paragraph at lines 244--244
[]\EU1/XBNiloofar(2)/m/n/10.95 هرچه مدار بزرگتر[]
 []


Underfull \hbox (badness 10000) in paragraph at lines 244--244
[]\EU1/XBNiloofar(2)/m/n/10.95 شود، این سربار[]
 []


Underfull \hbox (badness 1406) in paragraph at lines 244--246
[][]\EU1/XBNiloofar(2)/m/n/10.95 میزان نتیجه گیری[]
 []


Underfull \hbox (badness 10000) in paragraph at lines 244--246
[]\EU1/XBNiloofar(2)/m/n/10.95 کاملا وابسته به[]
 []


Underfull \hbox (badness 10000) in paragraph at lines 244--246
[]\EU1/XBNiloofar(2)/m/n/10.95 شخص است.[]
 []


Underfull \hbox (badness 1337) in paragraph at lines 244--246
[]\EU1/XBNiloofar(2)/m/n/10.95 خودکار‌‌سازی برای[]
 []


Underfull \hbox (badness 10000) in paragraph at lines 244--246
[]\EU1/XBNiloofar(2)/m/n/10.95 بردارهای آزمون[]
 []


Underfull \hbox (badness 10000) in paragraph at lines 250--250
[][]\EU1/XBNiloofar(2)/m/n/10.95 روش اعمال[]
 []


Underfull \hbox (badness 10000) in paragraph at lines 250--250
[]\EU1/XBNiloofar(2)/m/n/10.95 بردارهای پایدار[]
 []


Underfull \hbox (badness 6559) in paragraph at lines 250--250
[][]\EU1/XBNiloofar(2)/m/n/10.95 اغلب تروا‌های با[]
 []


Underfull \hbox (badness 10000) in paragraph at lines 250--250
[]\EU1/XBNiloofar(2)/m/n/10.95 تحریک ترکیبی،[]
 []


Underfull \hbox (badness 4686) in paragraph at lines 250--250
[]\EU1/XBNiloofar(2)/m/n/10.95 تعداد معدودی از[]
 []


Underfull \hbox (badness 10000) in paragraph at lines 250--250
[]\EU1/XBNiloofar(2)/m/n/10.95 ترتیبی ( فقط[]
 []


Underfull \hbox (badness 10000) in paragraph at lines 250--250
[]\EU1/XBNiloofar(2)/m/n/10.95 تروا‌هایی که با[]
 []


Underfull \hbox (badness 10000) in paragraph at lines 250--250
[]\EU1/XBNiloofar(2)/m/n/10.95 ثابت نگهداشتن[]
 []


Underfull \hbox (badness 1655) in paragraph at lines 250--250
[]\EU1/XBNiloofar(2)/m/n/10.95 بردار ورودی برای[]
 []


Underfull \hbox (badness 4699) in paragraph at lines 250--250
[]\EU1/XBNiloofar(2)/m/n/10.95 مدت زمان تعیین[]
 []


Underfull \hbox (badness 3568) in paragraph at lines 250--251
[][]\EU1/XBNiloofar(2)/m/n/10.95 افزایش حرارت و[]
 []


Underfull \hbox (badness 2781) in paragraph at lines 250--251
[]\EU1/XBNiloofar(2)/m/n/10.95 در پی آن کاهش[]
 []


Underfull \hbox (badness 10000) in paragraph at lines 252--252
[][]\EU1/XBNiloofar(2)/m/n/10.95 روش محاسبه[]
 []


Underfull \hbox (badness 10000) in paragraph at lines 252--252
[]\EU1/XBNiloofar(2)/m/n/10.95 جریان از طریق[]
 []


Underfull \hbox (badness 10000) in paragraph at lines 252--252
[]\EU1/XBNiloofar(2)/m/n/10.95 پایه‌‌های تغذیه[]
 []


Underfull \hbox (badness 10000) in paragraph at lines 252--252
[][]\EU1/XBNiloofar(2)/m/n/10.95 این روش فقط[]
 []


Underfull \hbox (badness 10000) in paragraph at lines 252--252
[]\EU1/XBNiloofar(2)/m/n/10.95 برای یک مدار[]
 []


Underfull \hbox (badness 10000) in paragraph at lines 252--252
[]\EU1/XBNiloofar(2)/m/n/10.95 ترکیبی آزموده[]
 []


Underfull \hbox (badness 5022) in paragraph at lines 252--252
[]\EU1/XBNiloofar(2)/m/n/10.95 شده‌است. برای[]
 []


Underfull \hbox (badness 10000) in paragraph at lines 252--252
[]\EU1/XBNiloofar(2)/m/n/10.95 مدارات ترتیبی[]
 []


Underfull \hbox (badness 10000) in paragraph at lines 252--252
[]\EU1/XBNiloofar(2)/m/n/10.95 خیلی مناسب[]
 []


Underfull \hbox (badness 10000) in paragraph at lines 252--252
[][]\EU1/XBNiloofar(2)/m/n/10.95 سربار ابزارهای[]
 []


Underfull \hbox (badness 10000) in paragraph at lines 252--252
[]\EU1/XBNiloofar(2)/m/n/10.95 جانبی اندازه‌گیری[]
 []


Underfull \hbox (badness 10000) in paragraph at lines 252--252
[]\EU1/XBNiloofar(2)/m/n/10.95 دقیق جریان -[]
 []


Underfull \hbox (badness 3746) in paragraph at lines 252--252
[]\EU1/XBNiloofar(2)/m/n/10.95 سربار زمانی حین[]
 []


Underfull \hbox (badness 3623) in paragraph at lines 252--253
[][]\EU1/XBNiloofar(2)/m/n/10.95 پوشش تروا پایین[]
 []


Underfull \hbox (badness 1033) in paragraph at lines 252--253
[]\EU1/XBNiloofar(2)/m/n/10.95 در حد $[][][]$ برای[]
 []


Underfull \hbox (badness 10000) in paragraph at lines 252--253
[]\EU1/XBNiloofar(2)/m/n/10.95 تروا‌های فعال و[]
 []


Underfull \hbox (badness 10000) in paragraph at lines 258--258
[][]\EU1/XBNiloofar(2)/m/n/10.95 نوع[]
 []


Underfull \hbox (badness 10000) in paragraph at lines 258--258
[][]\EU1/XBNiloofar(2)/m/n/10.95 تروا‌های قابل[]
 []


Underfull \hbox (badness 5431) in paragraph at lines 259--259
[][]\EU1/XBNiloofar(2)/m/n/10.95 استفاده از ترتیب[]
 []


Underfull \hbox (badness 4832) in paragraph at lines 259--259
[]\EU1/XBNiloofar(2)/m/n/10.95 دهی مجدد فلیپ[]
 []


Underfull \hbox (badness 10000) in paragraph at lines 259--259
[]\EU1/XBNiloofar(2)/m/n/10.95 فلاپ‌های پویش[]
 []


Underfull \hbox (badness 10000) in paragraph at lines 259--259
[][]\EU1/XBNiloofar(2)/m/n/10.95 انواع تروا‌های[]
 []


Underfull \hbox (badness 10000) in paragraph at lines 259--259
[]\EU1/XBNiloofar(2)/m/n/10.95 کوچک و بزرگ[]
 []


Underfull \hbox (badness 10000) in paragraph at lines 259--259
[]\EU1/XBNiloofar(2)/m/n/10.95 با شرایط خاص[]
 []


Underfull \hbox (badness 3746) in paragraph at lines 259--259
[][]\EU1/XBNiloofar(2)/m/n/10.95 سربار زمانی حین[]
 []


Underfull \hbox (badness 10000) in paragraph at lines 259--260
[][]\EU1/XBNiloofar(2)/m/n/10.95 عدم تشخیص[]
 []


Underfull \hbox (badness 6978) in paragraph at lines 259--260
[]\EU1/XBNiloofar(2)/m/n/10.95 برخی تروا‌های با[]
 []


Underfull \hbox (badness 10000) in paragraph at lines 259--260
[]\EU1/XBNiloofar(2)/m/n/10.95 تحریک ترتیبی-[]
 []


Underfull \hbox (badness 10000) in paragraph at lines 259--260
[]\EU1/XBNiloofar(2)/m/n/10.95 نیاز به پایه‌‌های[]
 []


Overfull \hbox (13.37312pt too wide) in paragraph at lines 261--261
[][]\EU1/XBNiloofar(2)/m/n/10.95 روش‌ها‌‌ی[]
 []


Underfull \hbox (badness 10000) in paragraph at lines 261--261
[]\EU1/XBNiloofar(2)/m/n/10.95 تحلیل[]
 []


Underfull \hbox (badness 10000) in paragraph at lines 261--261
[]\EU1/XBNiloofar(2)/m/n/10.95 اثرات[]
 []


Underfull \hbox (badness 10000) in paragraph at lines 261--261
[]\EU1/XBNiloofar(2)/m/n/10.95 جانبی[]
 []


Underfull \hbox (badness 10000) in paragraph at lines 261--261
[]\EU1/XBNiloofar(2)/m/n/10.95 با[]
 []


Overfull \hbox (2.60709pt too wide) in paragraph at lines 261--261
[]\EU1/XBNiloofar(2)/m/n/10.95 رویکرد[]
 []


Underfull \hbox (badness 10000) in paragraph at lines 261--261
[]\EU1/XBNiloofar(2)/m/n/10.95 اندازه[]
 []


Underfull \hbox (badness 10000) in paragraph at lines 261--261
[]\EU1/XBNiloofar(2)/m/n/10.95 ‌گیری[]
 []


Underfull \hbox (badness 10000) in paragraph at lines 261--261
[][]\EU1/XBNiloofar(2)/m/n/10.95 محاسبه تاخیر[]
 []


Underfull \hbox (badness 10000) in paragraph at lines 261--261
[][]\EU1/XBNiloofar(2)/m/n/10.95 فقط تروا‌های با[]
 []


Underfull \hbox (badness 10000) in paragraph at lines 261--261
[]\EU1/XBNiloofar(2)/m/n/10.95 تحریک ترکیبی-[]
 []


Underfull \hbox (badness 10000) in paragraph at lines 261--261
[]\EU1/XBNiloofar(2)/m/n/10.95 تشخیص تروا‌های[]
 []


Underfull \hbox (badness 10000) in paragraph at lines 261--261
[]\EU1/XBNiloofar(2)/m/n/10.95 بزرگ راحت تر[]
 []


Underfull \hbox (badness 3746) in paragraph at lines 261--261
[][]\EU1/XBNiloofar(2)/m/n/10.95 سربار زمانی حین[]
 []


Underfull \hbox (badness 10000) in paragraph at lines 261--262
[][]\EU1/XBNiloofar(2)/m/n/10.95 عدم تشخیص[]
 []


Underfull \hbox (badness 10000) in paragraph at lines 261--262
[]\EU1/XBNiloofar(2)/m/n/10.95 تروا‌هایی که در[]
 []


Underfull \hbox (badness 5578) in paragraph at lines 261--262
[]\EU1/XBNiloofar(2)/m/n/10.95 مسیر بین ورودی[]
 []


Underfull \hbox (badness 10000) in paragraph at lines 261--262
[]\EU1/XBNiloofar(2)/m/n/10.95 و خروجی مدار[]
 []


Underfull \hbox (badness 6332) in paragraph at lines 261--262
[]\EU1/XBNiloofar(2)/m/n/10.95 واقع نشده و در[]
 []


Underfull \hbox (badness 10000) in paragraph at lines 261--262
[]\EU1/XBNiloofar(2)/m/n/10.95 مسیرهای داخلی[]
 []


Underfull \hbox (badness 10000) in paragraph at lines 267--267
[][]\EU1/XBNiloofar(2)/m/n/10.95 محاسبه تاخیر[]
 []


Underfull \hbox (badness 10000) in paragraph at lines 267--267
[][]\EU1/XBNiloofar(2)/m/n/10.95 انواع تروا‌ها با[]
 []


Underfull \hbox (badness 10000) in paragraph at lines 267--267
[]\EU1/XBNiloofar(2)/m/n/10.95 اولویت تروا‌های[]
 []


Underfull \hbox (badness 10000) in paragraph at lines 267--267
[]\EU1/XBNiloofar(2)/m/n/10.95 تروا‌ها کوچکتر[]
 []


Underfull \hbox (badness 10000) in paragraph at lines 267--267
[]\EU1/XBNiloofar(2)/m/n/10.95 بیشتر زمانی و[]
 []


Underfull \hbox (badness 10000) in paragraph at lines 267--267
[]\EU1/XBNiloofar(2)/m/n/10.95 پیچیدگی بیشتر[]
 []


Underfull \hbox (badness 6876) in paragraph at lines 267--267
[][]\EU1/XBNiloofar(2)/m/n/10.95 سربار زمانی زیاد[]
 []


Underfull \hbox (badness 10000) in paragraph at lines 267--267
[]\EU1/XBNiloofar(2)/m/n/10.95 مساحت و توان[]
 []


Underfull \hbox (badness 4024) in paragraph at lines 267--267
[]\EU1/XBNiloofar(2)/m/n/10.95 سیگنال کلاک –[]
 []


Underfull \hbox (badness 6542) in paragraph at lines 267--267
[]\EU1/XBNiloofar(2)/m/n/10.95 سربار مساحت و[]
 []


Underfull \hbox (badness 10000) in paragraph at lines 267--268
[][]\EU1/XBNiloofar(2)/m/n/10.95 دقت تشخیص[]
 []


Underfull \hbox (badness 10000) in paragraph at lines 267--268
[]\EU1/XBNiloofar(2)/m/n/10.95 تغییر فاز کلاک[]
 []


Underfull \hbox (badness 1490) in paragraph at lines 267--268
[]\EU1/XBNiloofar(2)/m/n/10.95 است که پیچیدگی[]
 []


Underfull \hbox (badness 2409) in paragraph at lines 267--268
[]\EU1/XBNiloofar(2)/m/n/10.95 افزایش ابعاد مدار[]
 []


Underfull \hbox (badness 10000) in paragraph at lines 273--273
[][]\EU1/XBNiloofar(2)/m/n/10.95 نوع[]
 []


Underfull \hbox (badness 10000) in paragraph at lines 273--273
[][]\EU1/XBNiloofar(2)/m/n/10.95 تروا‌های قابل[]
 []


Underfull \hbox (badness 10000) in paragraph at lines 274--276
[][]\EU1/XBNiloofar(2)/m/n/10.95 تشخیص تغییرات[]
 []


Underfull \hbox (badness 10000) in paragraph at lines 274--276
[]\EU1/XBNiloofar(2)/m/n/10.95 تاخیر با استفاده[]
 []


Underfull \hbox (badness 10000) in paragraph at lines 274--276
[]\EU1/XBNiloofar(2)/m/n/10.95 از نوسانگرهای[]
 []


Underfull \hbox (badness 10000) in paragraph at lines 276--276
[][]\EU1/XBNiloofar(2)/m/n/10.95 فقط تروا‌های با[]
 []


Underfull \hbox (badness 10000) in paragraph at lines 276--276
[]\EU1/XBNiloofar(2)/m/n/10.95 تحریک ترکیبی-[]
 []


Underfull \hbox (badness 10000) in paragraph at lines 276--276
[]\EU1/XBNiloofar(2)/m/n/10.95 تشخیص تروا‌های[]
 []


Underfull \hbox (badness 10000) in paragraph at lines 276--276
[]\EU1/XBNiloofar(2)/m/n/10.95 بزرگ راحت تر[]
 []


Underfull \hbox (badness 6542) in paragraph at lines 276--276
[][]\EU1/XBNiloofar(2)/m/n/10.95 سربار مساحت و[]
 []


Underfull \hbox (badness 10000) in paragraph at lines 276--276
[]\EU1/XBNiloofar(2)/m/n/10.95 توان نوسانگرها[]
 []


Underfull \hbox (badness 10000) in paragraph at lines 276--276
[]\EU1/XBNiloofar(2)/m/n/10.95 یا مدارات اضافه[]
 []


Underfull \hbox (badness 10000) in paragraph at lines 276--276
[]\EU1/XBNiloofar(2)/m/n/10.95 جهت ساختن[]
 []


Underfull \hbox (badness 10000) in paragraph at lines 276--276
[]\EU1/XBNiloofar(2)/m/n/10.95 آنها در مدار-[]
 []


Underfull \hbox (badness 3746) in paragraph at lines 276--276
[]\EU1/XBNiloofar(2)/m/n/10.95 سربار زمانی حین[]
 []


Underfull \hbox (badness 10000) in paragraph at lines 276--276
[]\EU1/XBNiloofar(2)/m/n/10.95 نتایج- سربار[]
 []


Underfull \hbox (badness 10000) in paragraph at lines 276--276
[]\EU1/XBNiloofar(2)/m/n/10.95 مساحت و توان[]
 []


Underfull \hbox (badness 10000) in paragraph at lines 276--276
[]\EU1/XBNiloofar(2)/m/n/10.95 اندازه گیرهای[]
 []


Underfull \hbox (badness 10000) in paragraph at lines 276--277
[][]\EU1/XBNiloofar(2)/m/n/10.95 تعداد نوسانگرها[]
 []


Underfull \hbox (badness 10000) in paragraph at lines 276--277
[]\EU1/XBNiloofar(2)/m/n/10.95 و موقعیت درج[]
 []


Underfull \hbox (badness 6220) in paragraph at lines 276--277
[]\EU1/XBNiloofar(2)/m/n/10.95 آنها کاملا وابسته[]
 []

) (./chapters/results.tex [40] [41] [42] [43] [44]
فصل 4.
[45

]

LaTeX Font Warning: Command \small invalid in math mode on input line 15.


LaTeX Font Warning: Command \small invalid in math mode on input line 16.

[46]

LaTeX Font Warning: Command \small invalid in math mode on input line 17.

File: figs/fig2-4.png Graphic file (type QTm)
<use  "figs/fig2-4.png" >
Missing character: There is no ≈ in font [lmroman10-regular]/ICU:script=latn;la
nguage=DFLT;mapping=tex-text;!
Missing character: There is no ≈ in font [lmroman10-regular]/ICU:script=latn;la
nguage=DFLT;mapping=tex-text;!
 [47] [48]
File: figs/fig3-4.png Graphic file (type QTm)
 <use  "figs/fig3-4.png" >
Overfull \hbox (52.16pt too wide) in paragraph at lines 39--41
 [][][][][] 
 []

[49] [50]

LaTeX Font Warning: Command \small invalid in math mode on input line 53.

File: figs/modelsim.jpg Graphic file (type QTm)
<use  "figs/modelsim.jpg" >

LaTeX Font Warning: Command \small invalid in math mode on input line 67.

[51]

LaTeX Font Warning: Command \small invalid in math mode on input line 74.


LaTeX Font Warning: Command \small invalid in math mode on input line 76.


LaTeX Font Warning: Command \small invalid in math mode on input line 78.

File: figs/saifServer.jpg Graphic file (type QTm)
<use  "figs/saifServer.jpg" >
Overfull \hbox (40.7811pt too wide) in paragraph at lines 83--84
 [][][][][] 
 []

File: figs/android.png Graphic file (type QTm)
<use  "figs/android.png" > [52] [53]

LaTeX Font Warning: Command \small invalid in math mode on input line 98.

[54]

LaTeX Font Warning: Command \small invalid in math mode on input line 106.

[55]
Underfull \hbox (badness 10000) in paragraph at lines 126--126
[][]\EU1/XBNiloofar(2)/bx/n/10.95 اندازه[]
 []


Overfull \hbox (4.67944pt too wide) in paragraph at lines 126--126
[]\EU1/XBNiloofar(2)/bx/n/10.95 تروجان| []
 []


Overfull \hbox (2.63298pt too wide) in paragraph at lines 139--139
[][]\EU1/XBNiloofar(2)/bx/n/14.4 مقایسه نرخ کشف آزمون اثرات جانبی با استفاده از
 بردارهای هوشمند[]
 []

[56]) (./chapters/conclusions.tex [57] [58]
فصل 5.
[59

] [60]) (./bibs/bibs.tex (./thesis.bbl [61]

Package hyperref Warning: Token not allowed in a PDF string (Unicode):
(hyperref)                removing `\hfill' on input line 1.

[62

] [63] [64] [65]) [66])
*geometry* verbose mode - [ newgeometry ] result:
* driver: xetex
* paper: a4paper
* layout: <same size as paper>
* layoutoffset:(h,v)=(0.0pt,0.0pt)
* modes: 
* h-part:(L,W,R)=(85.35826pt, 441.01773pt, 71.13188pt)
* v-part:(T,H,B)=(101.40665pt, 591.5302pt, 152.11pt)
* \paperwidth=597.50787pt
* \paperheight=845.04684pt
* \textwidth=441.01773pt
* \textheight=591.5302pt
* \oddsidemargin=13.08827pt
* \evensidemargin=13.08827pt
* \topmargin=-15.73714pt
* \headheight=25.0pt
* \headsep=19.8738pt
* \topskip=11.0pt
* \footskip=27.46295pt
* \marginparwidth=53.0pt
* \marginparsep=7.0pt
* \columnsep=10.0pt
* \skip\footins=10.0pt plus 4.0pt minus 2.0pt
* \hoffset=0.0pt
* \voffset=0.0pt
* \mag=1000
* \@twocolumnfalse
* \@twosidefalse
* \@mparswitchfalse
* \@reversemarginfalse
* (1in=72.27pt=25.4mm, 1cm=28.453pt)

 (./front/dictionary.tex
LaTeX Font Info:    Font shape `EU1/XBNiloofar(2)/bx/n' will be
(Font)              scaled to size 11.99997pt on input line 8.
LaTeX Font Info:    Font shape `EU1/XBNiloofar(3)/m/n' will be
(Font)              scaled to size 11.99997pt on input line 8.
LaTeX Font Info:    Font shape `EU1/XBNiloofar(3)/m/n' will be
(Font)              scaled to size 8.39998pt on input line 8.
LaTeX Font Info:    Font shape `EU1/XBNiloofar(3)/bx/n' will be
(Font)              scaled to size 11.99997pt on input line 8.
LaTeX Font Info:    Font shape `EU1/XBNiloofar(3)/bx/n' will be
(Font)              scaled to size 8.39998pt on input line 8.
LaTeX Font Info:    Font shape `EU1/XBNiloofar(3)/m/it' will be
(Font)              scaled to size 11.99997pt on input line 8.
LaTeX Font Info:    Font shape `EU1/XBNiloofar(3)/m/it' will be
(Font)              scaled to size 8.39998pt on input line 8.

Overfull \hbox (17.0pt too wide) in paragraph at lines 8--13
[][]$[]$[]
 []


Underfull \hbox (badness 10000) in paragraph at lines 8--13
[][]
 []


Overfull \hbox (17.0pt too wide) in paragraph at lines 14--20
[][]$[]$[]
 []


Underfull \hbox (badness 10000) in paragraph at lines 14--20
[][]
 []


Overfull \hbox (17.0pt too wide) in paragraph at lines 21--26
[][]$[]$[]
 []


Underfull \hbox (badness 10000) in paragraph at lines 21--26
[][]
 []


Overfull \hbox (17.0pt too wide) in paragraph at lines 28--33
[][]$[]$[]
 []


Underfull \hbox (badness 10000) in paragraph at lines 28--33
[][]
 []


Overfull \hbox (17.0pt too wide) in paragraph at lines 35--37
[][]$[]$[]
 []


Underfull \hbox (badness 10000) in paragraph at lines 35--37
[][]
 []


Overfull \hbox (17.0pt too wide) in paragraph at lines 38--40
[][]$[]$[]
 []


Underfull \hbox (badness 10000) in paragraph at lines 38--40
[][]
 []


Overfull \hbox (17.0pt too wide) in paragraph at lines 42--44
[][]$[]$[]
 []


Underfull \hbox (badness 10000) in paragraph at lines 42--44
[][]
 []


Overfull \hbox (17.0pt too wide) in paragraph at lines 45--47
[][]$[]$[]
 []


Underfull \hbox (badness 10000) in paragraph at lines 45--47
[][]
 []


Overfull \hbox (17.0pt too wide) in paragraph at lines 48--52
[][]$[]$[]
 []


Underfull \hbox (badness 10000) in paragraph at lines 48--52
[][]
 []

[67


]
Overfull \hbox (17.0pt too wide) in paragraph at lines 53--54
[][]$[]$[]
 []


Underfull \hbox (badness 10000) in paragraph at lines 55--56
[][]
 []


Overfull \hbox (17.0pt too wide) in paragraph at lines 58--60
[][]$[]$[]
 []


Underfull \hbox (badness 10000) in paragraph at lines 58--60
[][]
 []


Overfull \hbox (17.0pt too wide) in paragraph at lines 61--63
[][]$[]$[]
 []


Underfull \hbox (badness 10000) in paragraph at lines 61--63
[][]
 []


Overfull \hbox (17.0pt too wide) in paragraph at lines 64--68
[][]$[]$[]
 []


Underfull \hbox (badness 10000) in paragraph at lines 64--68
[][]
 []


Overfull \hbox (17.0pt too wide) in paragraph at lines 69--71
[][]$[]$[]
 []


Underfull \hbox (badness 10000) in paragraph at lines 69--71
[][]
 []

[68]) (./front/abstract-eng.tex [69]) (./front/template/title-eng.tex
File: front/template/images/logo.png Graphic file (type QTm)

<use  "front/template/images/logo.png" > [70])
Package atveryend Info: Empty hook `BeforeClearDocument' on input line 86.
Package atveryend Info: Empty hook `AfterLastShipout' on input line 86.
 (./thesis.aux)
Package atveryend Info: Empty hook `AtVeryEndDocument' on input line 86.
Package atveryend Info: Empty hook `AtEndAfterFileList' on input line 86.
Package atveryend Info: Empty hook `AtVeryVeryEnd' on input line 86.
 ) 
Here is how much of TeX's memory you used:
 32309 strings out of 493734
 589029 string characters out of 6149469
 691456 words of memory out of 5000000
 35011 multiletter control sequences out of 15000+600000
 14189 words of font info for 147 fonts, out of 8000000 for 9000
 1328 hyphenation exceptions out of 8191
 45i,16n,48p,10455b,525s stack positions out of 5000i,500n,10000p,200000b,80000s

Output written on thesis.pdf (81 pages).
