\BOOKMARK [0][-]{chapter*.2}{فهرست شکل‌ها}{}% 1
\BOOKMARK [0][-]{chapter*.3}{فهرست جدول‌ها}{}% 2
\BOOKMARK [0][-]{chapter.1}{مقدمه}{}% 3
\BOOKMARK [1][-]{section.1.1}{تعریف مسئله }{chapter.1}% 4
\BOOKMARK [1][-]{section.1.2}{اهمیت موضوع}{chapter.1}% 5
\BOOKMARK [1][-]{section.1.3}{ادبیات موضوع}{chapter.1}% 6
\BOOKMARK [1][-]{section.1.4}{اهداف تحقیق}{chapter.1}% 7
\BOOKMARK [1][-]{section.1.5}{ساختار پایان‌نامه}{chapter.1}% 8
\BOOKMARK [0][-]{chapter.2}{مفاهیم اولیه}{}% 9
\BOOKMARK [1][-]{section.2.1}{ترواهای سخت‌افزاری}{chapter.2}% 10
\BOOKMARK [1][-]{section.2.2}{دسته‌بندی تروا‌های سخت‌افزاری}{chapter.2}% 11
\BOOKMARK [2][-]{subsection.2.2.1}{فاز درج تروا}{section.2.2}% 12
\BOOKMARK [2][-]{subsection.2.2.2}{سطح انتزاع}{section.2.2}% 13
\BOOKMARK [2][-]{subsection.2.2.3}{روش فعال شدن تروا}{section.2.2}% 14
\BOOKMARK [2][-]{subsection.2.2.4}{عملکرد تروا}{section.2.2}% 15
\BOOKMARK [2][-]{subsection.2.2.5}{محل قرارگیری}{section.2.2}% 16
\BOOKMARK [1][-]{section.2.3}{مدل کردن تروا‌های سخت‌افزاری}{chapter.2}% 17
\BOOKMARK [2][-]{subsection.2.3.1}{مدار تحریک}{section.2.3}% 18
\BOOKMARK [2][-]{subsection.2.3.2}{مدار بار}{section.2.3}% 19
\BOOKMARK [0][-]{chapter.3}{کارهای پیشین}{}% 20
\BOOKMARK [1][-]{section.3.1}{تشخیص تروا‌های سخت‌افزاری}{chapter.3}% 21
\BOOKMARK [1][-]{section.3.2}{دسته‌بندی روش‌های تشخیص تروا}{chapter.3}% 22
\BOOKMARK [2][-]{subsection.3.2.1}{رویکردهای مبتنی بر آزمون منطقی}{section.3.2}% 23
\BOOKMARK [2][-]{subsection.3.2.2}{روش‌های مبتنی بر تحلیل اثرات جانبی}{section.3.2}% 24
\BOOKMARK [2][-]{subsection.3.2.3}{رویکردهای نظارت زمان اجرا}{section.3.2}% 25
\BOOKMARK [2][-]{subsection.3.2.4}{روش‌های طراحی مطمئن}{section.3.2}% 26
\BOOKMARK [2][-]{subsection.3.2.5}{روش‌های مبتنی بر حذف رخدادهای نادر}{section.3.2}% 27
\BOOKMARK [2][-]{subsection.3.2.6}{طراحی برای آزمون تروا}{section.3.2}% 28
\BOOKMARK [2][-]{subsection.3.2.7}{سخت‌افزار حامل اثبات}{section.3.2}% 29
\BOOKMARK [2][-]{subsection.3.2.8}{مقایسه روش‌های تشخیص تروا}{section.3.2}% 30
\BOOKMARK [0][-]{chapter.4}{روش پیشنهادی}{}% 31
\BOOKMARK [1][-]{section.4.1}{راهکار ما}{chapter.4}% 32
\BOOKMARK [1][-]{section.4.2}{چالش‌های پیش رو در روش‌های تشخیص تروا}{chapter.4}% 33
\BOOKMARK [1][-]{section.4.3}{شبیه سازی}{chapter.4}% 34
\BOOKMARK [2][-]{subsection.4.3.1}{محیط شبیه‌سازی}{section.4.3}% 35
\BOOKMARK [2][-]{subsection.4.3.2}{مجموعه ‌داده}{section.4.3}% 36
\BOOKMARK [2][-]{subsection.4.3.3}{نتایج شبیه‌سازی}{section.4.3}% 37
\BOOKMARK [1][-]{section.4.4}{الگوریتم تولید بردار آزمون}{chapter.4}% 38
\BOOKMARK [1][-]{section.4.5}{شبیه‌ساز تروا یاب}{chapter.4}% 39
\BOOKMARK [1][-]{section.4.6}{بررسی اثر اندازه تروا بر نتیجه آزمون}{chapter.4}% 40
\BOOKMARK [1][-]{section.4.7}{مقایسه نرخ کشف آزمون اثرات جانبی با استفاده از بردارهای هوشمند و تصادفی}{chapter.4}% 41
\BOOKMARK [1][-]{section.4.8}{تحلیل زمانی الگوریتم}{chapter.4}% 42
\BOOKMARK [0][-]{chapter.5}{نتیجه‌گیری}{}% 43
\BOOKMARK [1][-]{section.5.1}{جمع‌بندی نتایج بدست آمده}{chapter.5}% 44
\BOOKMARK [2][-]{subsection.5.1.1}{یک آزمون منطقی و اثرات جانبی بهتر}{section.5.1}% 45
\BOOKMARK [2][-]{subsection.5.1.2}{مشاهده تاثیر اندازه تروا در نتیجه آزمون}{section.5.1}% 46
\BOOKMARK [1][-]{section.5.2}{مسائل باز و کارهای آتی}{chapter.5}% 47
\BOOKMARK [2][-]{subsection.5.2.1}{آزمون خودکار اندازه‌آگاه}{section.5.2}% 48
\BOOKMARK [2][-]{subsection.5.2.2}{محل فرضی تروا}{section.5.2}% 49
\BOOKMARK [2][-]{subsection.5.2.3}{مدل مدار و تروا}{section.5.2}% 50
\BOOKMARK [2][-]{subsection.5.2.4}{ایجاد فعالیت نسبی بیشتر برای تروا‌ها}{section.5.2}% 51
\BOOKMARK [2][-]{subsection.5.2.5}{افزایش دقت شبیه‌سازی}{section.5.2}% 52
\BOOKMARK [2][-]{subsection.5.2.6}{آزمون واقعی}{section.5.2}% 53
\BOOKMARK [0][-]{chapter*.39}{مراجع}{}% 54
