This is XeTeX, Version 3.1415926-2.2-0.9995.1 (MiKTeX 2.8) (preloaded format=xelatex 2014.8.30)  5 JAN 2015 18:19
entering extended mode
**info.tex

("C:\My\University Stuff\Grad\Sharif\92-2\Thesis\Hardware Trojan\final thesis\v
2.0\front\info.tex"
LaTeX2e <2009/09/24>
Babel <v3.8l> and hyphenation patterns for english, dumylang, nohyphenation, ge
rman, ngerman, german-x-2009-06-19, ngerman-x-2009-06-19, french, loaded.
)
! Emergency stop.
<*> info.tex
            
*** (job aborted, no legal \end found)

 
Here is how much of TeX's memory you used:
 22 strings out of 430435
 388 string characters out of 3189654
 45123 words of memory out of 3000000
 3273 multiletter control sequences out of 15000+200000
 3640 words of font info for 14 fonts, out of 3000000 for 9000
 14 hyphenation exceptions out of 8191
 7i,0n,6p,112b,8s stack positions out of 5000i,500n,10000p,200000b,50000s
No pages of output.
